E:\Developer-Toolbox-by-WangDadi\mockupnuke\manual\ja\MOC_003.md
E:\Developer-Toolbox-by-WangDadi\killsaas\manual\KIL_019.md
E:\Developer-Toolbox-by-WangDadi\slimsnd\manual\ja\SLI_026.md
E:\Developer-Toolbox-by-WangDadi\onecommand\manual\ONE_014.md
E:\Developer-Toolbox-by-WangDadi\manualslib\manual\MAN_029.md
E:\Developer-Toolbox-by-WangDadi\songkrangenerator\manual\ja\SON_024.md
E:\Developer-Toolbox-by-WangDadi\viralhook\manual\ja\VIR_014.md
E:\Developer-Toolbox-by-WangDadi\stoptheswitch\manual\es\STO_015.md
E:\Developer-Toolbox-by-WangDadi\zerosub\manual\ja\ZER_018.md
E:\Developer-Toolbox-by-WangDadi\humbled\manual\ja\HUM_013.md
E:\Developer-Toolbox-by-WangDadi\saaskiller\manual\SAA_025.md
E:\Developer-Toolbox-by-WangDadi\notiontablecleaner\manual\es\NOT_012.md
E:\Developer-Toolbox-by-WangDadi\manualslib\manual\ja\MAN_008.md
E:\Developer-Toolbox-by-WangDadi\mockupnuke\manual\MOC_020.md
E:\Developer-Toolbox-by-WangDadi\slopkiller\manual\ja\SLO_024.md
E:\Developer-Toolbox-by-WangDadi\hooksurgeon\manual\HOO_015.md
E:\Developer-Toolbox-by-WangDadi\multi-tenant-demo\manual\ja\MUL_030.md
E:\Developer-Toolbox-by-WangDadi\free_ebook_maker\manual\ja\FRE_026.md
E:\Developer-Toolbox-by-WangDadi\linguisticdnaextractor\manual\es\LIN_001.md
E:\Developer-Toolbox-by-WangDadi\multi-tenant-demo\manual\de\MUL_026.md
E:\Developer-Toolbox-by-WangDadi\dentaiagent\manual\DEN_028.md
E:\Developer-Toolbox-by-WangDadi\laravelboilerplateslayer\manual\LAR_019.md
E:\Developer-Toolbox-by-WangDadi\saasstripper\manual\es\SAA_025.md
E:\Developer-Toolbox-by-WangDadi\notiontablecleaner\manual\ja\NOT_017.md
E:\Developer-Toolbox-by-WangDadi\free_ebook_maker\manual\es\FRE_029.md
E:\Developer-Toolbox-by-WangDadi\tweetvirality\manual\TWE_006.md
E:\Developer-Toolbox-by-WangDadi\receptionkiller\manual\REC_022.md
E:\Developer-Toolbox-by-WangDadi\viralhook\manual\ja\VIR_018.md
E:\Developer-Toolbox-by-WangDadi\killsaas\manual\es\KIL_018.md
E:\Developer-Toolbox-by-WangDadi\onecommand\manual\ja\ONE_003.md
E:\Developer-Toolbox-by-WangDadi\neverexplain\manual\NEV_002.md
E:\Developer-Toolbox-by-WangDadi\chapterpredictor\manual\ja\CHA_014.md
E:\Developer-Toolbox-by-WangDadi\viralhook\manual\ja\VIR_017.md
E:\Developer-Toolbox-by-WangDadi\noisekiller\manual\ja\NOI_011.md
E:\Developer-Toolbox-by-WangDadi\mockupnuke\manual\MOC_013.md
E:\Developer-Toolbox-by-WangDadi\office-sync\manual\ja\OFF_005.md
E:\Developer-Toolbox-by-WangDadi\gmailretrybeast\manual\GMA_008.md
E:\Developer-Toolbox-by-WangDadi\lightningbrand\manual\ja\LIG_027.md
E:\Developer-Toolbox-by-WangDadi\viralhook\manual\VIR_013.md
E:\Developer-Toolbox-by-WangDadi\stoptheswitch\manual\STO_022.md
E:\Developer-Toolbox-by-WangDadi\postgresroast\manual\ja\POS_013.md
E:\Developer-Toolbox-by-WangDadi\neveruploadio\manual\NEV_008.md
E:\Developer-Toolbox-by-WangDadi\killsubscription\manual\es\KIL_004.md
E:\Developer-Toolbox-by-WangDadi\neveruploadio\manual\NEV_019.md
E:\Developer-Toolbox-by-WangDadi\chapterpredictor\manual\ja\CHA_008.md
E:\Developer-Toolbox-by-WangDadi\killsaas\manual\es\KIL_010.md
E:\Developer-Toolbox-by-WangDadi\focusinbox-eight\manual\FOC_025.md
E:\Developer-Toolbox-by-WangDadi\fanguard\manual\ja\FAN_002.md
E:\Developer-Toolbox-by-WangDadi\onecommand\manual\ONE_029.md
E:\Developer-Toolbox-by-WangDadi\onecommand\manual\es\ONE_006.md
E:\Developer-Toolbox-by-WangDadi\pingthemio\manual\PIN_027.md
E:\Developer-Toolbox-by-WangDadi\boothell\manual\ja\BOO_030.md
E:\Developer-Toolbox-by-WangDadi\linguisticdnaextractor\manual\ja\LIN_022.md
E:\Developer-Toolbox-by-WangDadi\fanguard\manual\FAN_017.md
E:\Developer-Toolbox-by-WangDadi\laravelboilerplateslayer\manual\LAR_013.md
E:\Developer-Toolbox-by-WangDadi\office-sync\manual\OFF_011.md
E:\Developer-Toolbox-by-WangDadi\nukeprivacy\manual\ja\NUK_005.md
E:\Developer-Toolbox-by-WangDadi\giveawaytracker\manual\ja\GIV_025.md
E:\Developer-Toolbox-by-WangDadi\noadobe\manual\es\NOA_021.md
E:\Developer-Toolbox-by-WangDadi\saasstripper\manual\ja\SAA_021.md
E:\Developer-Toolbox-by-WangDadi\webhookslayer\manual\WEB_012.md
E:\Developer-Toolbox-by-WangDadi\zerocloud\manual\ja\ZER_015.md
E:\Developer-Toolbox-by-WangDadi\cron-guard\manual\es\CRO_011.md
E:\Developer-Toolbox-by-WangDadi\cronguard\manual\CRO_016.md
E:\Developer-Toolbox-by-WangDadi\deadliner\manual\DEA_001.md
E:\Developer-Toolbox-by-WangDadi\scriptkill\manual\ja\SCR_014.md
E:\Developer-Toolbox-by-WangDadi\truck\manual\ja\TRU_025.md
E:\Developer-Toolbox-by-WangDadi\hooksurgeon\manual\ja\HOO_014.md
E:\Developer-Toolbox-by-WangDadi\receptionkiller\manual\es\REC_015.md
E:\Developer-Toolbox-by-WangDadi\autotask\manual\ja\AUT_019.md
E:\Developer-Toolbox-by-WangDadi\toolcallkiller\manual\TOO_001.md
E:\Developer-Toolbox-by-WangDadi\noisekiller\manual\ja\NOI_021.md
E:\Developer-Toolbox-by-WangDadi\truck\manual\TRU_004.md
E:\Developer-Toolbox-by-WangDadi\noadobe\manual\NOA_012.md
E:\Developer-Toolbox-by-WangDadi\noaimd\manual\NOA_015.md
E:\Developer-Toolbox-by-WangDadi\brainbridge\manual\BRA_026.md
E:\Developer-Toolbox-by-WangDadi\coachellaviral\manual\COA_017.md
E:\Developer-Toolbox-by-WangDadi\multi-tenant-demo\manual\ja\MUL_006.md
E:\Developer-Toolbox-by-WangDadi\navslayer\manual\NAV_013.md
E:\Developer-Toolbox-by-WangDadi\lightningbrand\manual\es\LIG_013.md
E:\Developer-Toolbox-by-WangDadi\pingthemio\manual\es\PIN_002.md
E:\Developer-Toolbox-by-WangDadi\saasstripper\manual\es\SAA_019.md
E:\Developer-Toolbox-by-WangDadi\killswitchapi\manual\KIL_015.md
E:\Developer-Toolbox-by-WangDadi\manualslib\manual\MAN_006.md
E:\Developer-Toolbox-by-WangDadi\oneclickapi\manual\es\ONE_003.md
E:\Developer-Toolbox-by-WangDadi\saasstripper\manual\SAA_027.md
E:\Developer-Toolbox-by-WangDadi\capsule-factory-saas\manual\ja\CAP_023.md
E:\Developer-Toolbox-by-WangDadi\killsaas\manual\es\KIL_020.md
E:\Developer-Toolbox-by-WangDadi\onepagesaas\manual\ONE_027.md
E:\Developer-Toolbox-by-WangDadi\noisekiller\manual\NOI_027.md
E:\Developer-Toolbox-by-WangDadi\killswitchapi\manual\KIL_005.md
E:\Developer-Toolbox-by-WangDadi\pingthemio\manual\PIN_025.md
E:\Developer-Toolbox-by-WangDadi\noaimd\manual\ja\NOA_005.md
E:\Developer-Toolbox-by-WangDadi\notiontablecleaner\manual\ja\NOT_021.md
E:\Developer-Toolbox-by-WangDadi\webhookslayer\manual\WEB_003.md
E:\Developer-Toolbox-by-WangDadi\neveruploadio\manual\ja\NEV_028.md
E:\Developer-Toolbox-by-WangDadi\toolcallkiller\manual\TOO_013.md
E:\Developer-Toolbox-by-WangDadi\deadliner\manual\ja\DEA_021.md
E:\Developer-Toolbox-by-WangDadi\truck\manual\TRU_026.md
E:\Developer-Toolbox-by-WangDadi\stopsaas\manual\STO_029.md
E:\Developer-Toolbox-by-WangDadi\noaimd\manual\ja\NOA_014.md
E:\Developer-Toolbox-by-WangDadi\saaskiller\manual\SAA_017.md
E:\Developer-Toolbox-by-WangDadi\oneclickapi\manual\ja\ONE_002.md
E:\Developer-Toolbox-by-WangDadi\noseotop\manual\es\NOS_007.md
E:\Developer-Toolbox-by-WangDadi\killsaas\manual\ja\KIL_004.md
E:\Developer-Toolbox-by-WangDadi\focusinbox\manual\ja\FOC_014.md
E:\Developer-Toolbox-by-WangDadi\billripper\manual\ja\BIL_021.md
E:\Developer-Toolbox-by-WangDadi\slimsnd\manual\es\SLI_027.md
E:\Developer-Toolbox-by-WangDadi\personalock\manual\ja\PER_009.md
E:\Developer-Toolbox-by-WangDadi\saaskiller\manual\ja\SAA_012.md
E:\Developer-Toolbox-by-WangDadi\mememooncalculator\manual\MEM_029.md
E:\Developer-Toolbox-by-WangDadi\cron-guard\manual\ja\CRO_013.md
E:\Developer-Toolbox-by-WangDadi\cleancsvai\manual\ja\CLE_017.md
E:\Developer-Toolbox-by-WangDadi\noaimd\manual\NOA_010.md
E:\Developer-Toolbox-by-WangDadi\zerosub\manual\es\ZER_008.md
E:\Developer-Toolbox-by-WangDadi\navslayer\manual\es\NAV_005.md
E:\Developer-Toolbox-by-WangDadi\oneclickapi\manual\ONE_007.md
E:\Developer-Toolbox-by-WangDadi\mememooncalculator\manual\MEM_022.md
E:\Developer-Toolbox-by-WangDadi\killswitchapi\manual\es\KIL_002.md
E:\Developer-Toolbox-by-WangDadi\deployguard\manual\ja\DEP_021.md
E:\Developer-Toolbox-by-WangDadi\postgressurgeon\manual\POS_012.md
E:\Developer-Toolbox-by-WangDadi\mememooncalculator\manual\ja\MEM_004.md
E:\Developer-Toolbox-by-WangDadi\humbled\manual\HUM_021.md
E:\Developer-Toolbox-by-WangDadi\zerocloud\manual\ja\ZER_019.md
E:\Developer-Toolbox-by-WangDadi\oneclickapi\manual\ONE_022.md
E:\Developer-Toolbox-by-WangDadi\zerocloud\manual\ZER_009.md
E:\Developer-Toolbox-by-WangDadi\viralhook\manual\ja\VIR_023.md
E:\Developer-Toolbox-by-WangDadi\free_ebook_maker\manual\FRE_017.md
E:\Developer-Toolbox-by-WangDadi\deadliner\manual\ja\DEA_024.md
E:\Developer-Toolbox-by-WangDadi\scriptkill\manual\SCR_011.md
E:\Developer-Toolbox-by-WangDadi\crosspostfast\manual\CRO_007.md
E:\Developer-Toolbox-by-WangDadi\mockupnuke\manual\MOC_007.md
E:\Developer-Toolbox-by-WangDadi\zerocloud\manual\ZER_030.md
E:\Developer-Toolbox-by-WangDadi\notiontablecleaner\manual\NOT_028.md
E:\Developer-Toolbox-by-WangDadi\killsaas\manual\KIL_007.md
E:\Developer-Toolbox-by-WangDadi\multi-tenant-demo\manual\MUL_012.md
E:\Developer-Toolbox-by-WangDadi\cleancsvai\manual\CLE_001.md
E:\Developer-Toolbox-by-WangDadi\saasstripper\manual\es\SAA_007.md
E:\Developer-Toolbox-by-WangDadi\nukeprivacy\manual\NUK_016.md
E:\Developer-Toolbox-by-WangDadi\neveruploadio\manual\NEV_016.md
E:\Developer-Toolbox-by-WangDadi\killsubscription\manual\ja\KIL_009.md
E:\Developer-Toolbox-by-WangDadi\fanguard\manual\FAN_013.md
E:\Developer-Toolbox-by-WangDadi\autotask\manual\ja\AUT_029.md
E:\Developer-Toolbox-by-WangDadi\saaskiller\manual\es\SAA_005.md
E:\Developer-Toolbox-by-WangDadi\slopkiller\manual\ja\SLO_004.md
E:\Developer-Toolbox-by-WangDadi\office-sync\manual\ja\OFF_007.md
E:\Developer-Toolbox-by-WangDadi\deshaefrost\manual\ja\DES_016.md
E:\Developer-Toolbox-by-WangDadi\focusinbox\manual\ja\FOC_029.md
E:\Developer-Toolbox-by-WangDadi\zerosub\manual\es\ZER_013.md
E:\Developer-Toolbox-by-WangDadi\killswitchapi\manual\KIL_009.md
E:\Developer-Toolbox-by-WangDadi\tweetvirality\manual\TWE_021.md
E:\Developer-Toolbox-by-WangDadi\lightningbrand\manual\ja\LIG_022.md
E:\Developer-Toolbox-by-WangDadi\navslayer\manual\NAV_001.md
E:\Developer-Toolbox-by-WangDadi\brainbridge\manual\BRA_025.md
E:\Developer-Toolbox-by-WangDadi\webhookslayer\manual\ja\WEB_012.md
E:\Developer-Toolbox-by-WangDadi\notiontablecleaner\manual\es\NOT_027.md
E:\Developer-Toolbox-by-WangDadi\zerocloud\manual\ja\ZER_013.md
E:\Developer-Toolbox-by-WangDadi\cronguard\manual\CRO_029.md
E:\Developer-Toolbox-by-WangDadi\postgresroast\manual\ja\POS_027.md
E:\Developer-Toolbox-by-WangDadi\lightningbrand\manual\ja\LIG_029.md
E:\Developer-Toolbox-by-WangDadi\multi-tenant-demo\manual\es\MUL_025.md
E:\Developer-Toolbox-by-WangDadi\dentaiagent\manual\ja\DEN_009.md
E:\Developer-Toolbox-by-WangDadi\stopaicost\manual\STO_002.md
E:\Developer-Toolbox-by-WangDadi\humbled\manual\HUM_017.md
E:\Developer-Toolbox-by-WangDadi\saaskiller\manual\ja\SAA_027.md
E:\Developer-Toolbox-by-WangDadi\noseotop\manual\ja\NOS_005.md
E:\Developer-Toolbox-by-WangDadi\cron-guard\manual\ja\CRO_016.md
E:\Developer-Toolbox-by-WangDadi\manualslib\manual\de\MAN_026.md
E:\Developer-Toolbox-by-WangDadi\laravelboilerplateslayer\manual\ja\LAR_029.md
E:\Developer-Toolbox-by-WangDadi\gmailretrybeast\manual\GMA_029.md
E:\Developer-Toolbox-by-WangDadi\neverexplain\manual\NEV_024.md
E:\Developer-Toolbox-by-WangDadi\contextlock\manual\CON_008.md
E:\Developer-Toolbox-by-WangDadi\viralhook\manual\VIR_002.md
E:\Developer-Toolbox-by-WangDadi\multi-tenant-demo\manual\es\MUL_001.md
E:\Developer-Toolbox-by-WangDadi\onepagesaas\manual\ONE_006.md
E:\Developer-Toolbox-by-WangDadi\cron-guard\manual\ja\CRO_002.md
E:\Developer-Toolbox-by-WangDadi\onepagesaas\manual\ONE_015.md
E:\Developer-Toolbox-by-WangDadi\killsaas\manual\KIL_001.md
E:\Developer-Toolbox-by-WangDadi\toolcallkiller\manual\TOO_020.md
E:\Developer-Toolbox-by-WangDadi\office-sync\manual\OFF_014.md
E:\Developer-Toolbox-by-WangDadi\noadobe\manual\NOA_008.md
E:\Developer-Toolbox-by-WangDadi\postgresroast\manual\POS_010.md
E:\Developer-Toolbox-by-WangDadi\hooksurgeon\manual\ja\HOO_027.md
E:\Developer-Toolbox-by-WangDadi\deployguard\manual\DEP_015.md
E:\Developer-Toolbox-by-WangDadi\songkrangenerator\manual\es\SON_018.md
E:\Developer-Toolbox-by-WangDadi\noisekiller\manual\NOI_006.md
E:\Developer-Toolbox-by-WangDadi\postgressurgeon\manual\POS_016.md
E:\Developer-Toolbox-by-WangDadi\personalock\manual\PER_001.md
E:\Developer-Toolbox-by-WangDadi\rugradar\manual\RUG_003.md
E:\Developer-Toolbox-by-WangDadi\office-sync\manual\ja\OFF_025.md
E:\Developer-Toolbox-by-WangDadi\fanguard\manual\ja\FAN_022.md
E:\Developer-Toolbox-by-WangDadi\noaimd\manual\ja\NOA_007.md
E:\Developer-Toolbox-by-WangDadi\neverexplain\manual\ja\NEV_009.md
E:\Developer-Toolbox-by-WangDadi\killsaas\manual\es\KIL_004.md
E:\Developer-Toolbox-by-WangDadi\killsaas\manual\KIL_009.md
E:\Developer-Toolbox-by-WangDadi\zerocloud\manual\ZER_028.md
E:\Developer-Toolbox-by-WangDadi\onecommand\manual\ja\ONE_012.md
E:\Developer-Toolbox-by-WangDadi\saaskiller\manual\SAA_023.md
E:\Developer-Toolbox-by-WangDadi\mockupnuke\manual\es\MOC_003.md
E:\Developer-Toolbox-by-WangDadi\zerocloud\manual\ZER_024.md
E:\Developer-Toolbox-by-WangDadi\killswitchapi\manual\KIL_006.md
E:\Developer-Toolbox-by-WangDadi\lightningbrand\manual\LIG_015.md
E:\Developer-Toolbox-by-WangDadi\stopsaas\manual\es\STO_015.md
E:\Developer-Toolbox-by-WangDadi\zerosub\manual\ZER_012.md
E:\Developer-Toolbox-by-WangDadi\dentaiagent\manual\es\DEN_023.md
E:\Developer-Toolbox-by-WangDadi\oneclickapi\manual\ja\ONE_018.md
E:\Developer-Toolbox-by-WangDadi\free_ebook_maker\manual\FRE_012.md
E:\Developer-Toolbox-by-WangDadi\postgressurgeon\manual\ja\POS_002.md
E:\Developer-Toolbox-by-WangDadi\killsaas\manual\KIL_021.md
E:\Developer-Toolbox-by-WangDadi\multi-tenant-demo\manual\MUL_017.md
E:\Developer-Toolbox-by-WangDadi\deadliner\manual\ja\DEA_014.md
E:\Developer-Toolbox-by-WangDadi\brainbridge\manual\BRA_008.md
E:\Developer-Toolbox-by-WangDadi\killbillcard\manual\es\KIL_014.md
E:\Developer-Toolbox-by-WangDadi\receptionkiller\manual\REC_028.md
E:\Developer-Toolbox-by-WangDadi\contextlock\manual\CON_024.md
E:\Developer-Toolbox-by-WangDadi\focusinbox\manual\ja\FOC_025.md
E:\Developer-Toolbox-by-WangDadi\lightningbrand\manual\LIG_017.md
E:\Developer-Toolbox-by-WangDadi\neverexplain\manual\NEV_006.md
E:\Developer-Toolbox-by-WangDadi\viralhook\manual\VIR_016.md
E:\Developer-Toolbox-by-WangDadi\cronguard\manual\CRO_003.md
E:\Developer-Toolbox-by-WangDadi\webhookslayer\manual\ja\WEB_027.md
E:\Developer-Toolbox-by-WangDadi\focusinbox-eight\manual\ja\FOC_026.md
E:\Developer-Toolbox-by-WangDadi\oneclickapi\manual\ONE_021.md
E:\Developer-Toolbox-by-WangDadi\webhookslayer\manual\WEB_027.md
E:\Developer-Toolbox-by-WangDadi\cineskin\manual\CIN_007.md
E:\Developer-Toolbox-by-WangDadi\songkrangenerator\manual\ja\SON_009.md
E:\Developer-Toolbox-by-WangDadi\noisekiller\manual\NOI_011.md
E:\Developer-Toolbox-by-WangDadi\toolcallkiller\manual\TOO_018.md
E:\Developer-Toolbox-by-WangDadi\noadobe\manual\ja\NOA_004.md
E:\Developer-Toolbox-by-WangDadi\coachellaviral\manual\COA_003.md
E:\Developer-Toolbox-by-WangDadi\free_ebook_maker\manual\FRE_001.md
E:\Developer-Toolbox-by-WangDadi\bbb26dramapredictor\manual\ja\BBB_016.md
E:\Developer-Toolbox-by-WangDadi\noseotop\manual\ja\NOS_013.md
E:\Developer-Toolbox-by-WangDadi\agents\manual\ja\AGE_007.md
E:\Developer-Toolbox-by-WangDadi\noadobe\manual\NOA_004.md
E:\Developer-Toolbox-by-WangDadi\webhookslayer\manual\WEB_020.md
E:\Developer-Toolbox-by-WangDadi\postgresroast\manual\de\POS_007.md
E:\Developer-Toolbox-by-WangDadi\oneclickapi\manual\ONE_025.md
E:\Developer-Toolbox-by-WangDadi\agents\manual\ja\AGE_002.md
E:\Developer-Toolbox-by-WangDadi\navslayer\manual\NAV_015.md
E:\Developer-Toolbox-by-WangDadi\stopsaas\manual\STO_018.md
E:\Developer-Toolbox-by-WangDadi\notiontablecleaner\manual\NOT_011.md
E:\Developer-Toolbox-by-WangDadi\stopaicost\manual\STO_019.md
E:\Developer-Toolbox-by-WangDadi\office-sync\manual\OFF_012.md
E:\Developer-Toolbox-by-WangDadi\dentaiagent\manual\ja\DEN_024.md
E:\Developer-Toolbox-by-WangDadi\zerosub\manual\ja\ZER_005.md
E:\Developer-Toolbox-by-WangDadi\champions-sp-calc\manual\CHA_025.md
E:\Developer-Toolbox-by-WangDadi\lightningbrand\manual\LIG_011.md
E:\Developer-Toolbox-by-WangDadi\navslayer\manual\es\NAV_025.md
E:\Developer-Toolbox-by-WangDadi\focusinbox-eight\manual\FOC_020.md
E:\Developer-Toolbox-by-WangDadi\fanguard\manual\ja\FAN_007.md
E:\Developer-Toolbox-by-WangDadi\neveruploadio\manual\NEV_018.md
E:\Developer-Toolbox-by-WangDadi\noaimd\manual\NOA_007.md
E:\Developer-Toolbox-by-WangDadi\webhookslayer\manual\WEB_002.md
E:\Developer-Toolbox-by-WangDadi\cronguard\manual\CRO_022.md
E:\Developer-Toolbox-by-WangDadi\artemisreentry\manual\ja\ART_027.md
E:\Developer-Toolbox-by-WangDadi\tweetvirality\manual\ja\TWE_027.md
E:\Developer-Toolbox-by-WangDadi\linguisticdnaextractor\manual\LIN_006.md
E:\Developer-Toolbox-by-WangDadi\stopaicost\manual\STO_001.md
E:\Developer-Toolbox-by-WangDadi\postgressurgeon\manual\ja\POS_024.md
E:\Developer-Toolbox-by-WangDadi\office-sync\manual\OFF_002.md
E:\Developer-Toolbox-by-WangDadi\deployguard\manual\DEP_014.md
E:\Developer-Toolbox-by-WangDadi\linguisticdnaextractor\manual\LIN_004.md
E:\Developer-Toolbox-by-WangDadi\stopsaas\manual\STO_021.md
E:\Developer-Toolbox-by-WangDadi\postgresroast\manual\ja\POS_005.md
E:\Developer-Toolbox-by-WangDadi\pingthemio\manual\PIN_020.md
E:\Developer-Toolbox-by-WangDadi\tweetvirality\manual\ja\TWE_024.md
E:\Developer-Toolbox-by-WangDadi\dentaiagent\manual\ja\DEN_022.md
E:\Developer-Toolbox-by-WangDadi\gmailretrybeast\manual\ja\GMA_024.md
E:\Developer-Toolbox-by-WangDadi\neveruploadio\manual\NEV_028.md
E:\Developer-Toolbox-by-WangDadi\killsubscription\manual\ja\KIL_023.md
E:\Developer-Toolbox-by-WangDadi\mememooncalculator\manual\es\MEM_018.md
E:\Developer-Toolbox-by-WangDadi\onepagesaas\manual\ONE_003.md
E:\Developer-Toolbox-by-WangDadi\postgressurgeon\manual\ja\POS_025.md
E:\Developer-Toolbox-by-WangDadi\manualslib\manual\MAN_012.md
E:\Developer-Toolbox-by-WangDadi\killsubscription\manual\ja\KIL_025.md
E:\Developer-Toolbox-by-WangDadi\mockupnuke\manual\ja\MOC_005.md
E:\Developer-Toolbox-by-WangDadi\receptionkiller\manual\ja\REC_014.md
E:\Developer-Toolbox-by-WangDadi\navslayer\manual\ja\NAV_027.md
E:\Developer-Toolbox-by-WangDadi\noseotop\manual\ja\NOS_022.md
E:\Developer-Toolbox-by-WangDadi\samirapulse\manual\es\SAM_013.md
E:\Developer-Toolbox-by-WangDadi\neveruploadio\manual\NEV_013.md
E:\Developer-Toolbox-by-WangDadi\scriptkill\manual\SCR_021.md
E:\Developer-Toolbox-by-WangDadi\laravelboilerplateslayer\manual\LAR_027.md
E:\Developer-Toolbox-by-WangDadi\cleancsvai\manual\ja\CLE_005.md
E:\Developer-Toolbox-by-WangDadi\cron-guard\manual\CRO_005.md
E:\Developer-Toolbox-by-WangDadi\lightningbrand\manual\LIG_010.md
E:\Developer-Toolbox-by-WangDadi\billripper\manual\ja\BIL_014.md
E:\Developer-Toolbox-by-WangDadi\stoptheswitch\manual\STO_023.md
E:\Developer-Toolbox-by-WangDadi\deployguard\manual\DEP_024.md
E:\Developer-Toolbox-by-WangDadi\boothell\manual\ja\BOO_019.md
E:\Developer-Toolbox-by-WangDadi\deadliner\manual\ja\DEA_003.md
E:\Developer-Toolbox-by-WangDadi\killsaas\manual\KIL_025.md
E:\Developer-Toolbox-by-WangDadi\deployguard\manual\ja\DEP_007.md
E:\Developer-Toolbox-by-WangDadi\laravelboilerplateslayer\manual\LAR_003.md
E:\Developer-Toolbox-by-WangDadi\postgresroast\manual\ja\POS_009.md
E:\Developer-Toolbox-by-WangDadi\manualslib\manual\ja\MAN_030.md
