E:\Developer-Toolbox-by-WangDadi\artemisreentry\manual\ja\ART_029.md
E:\Developer-Toolbox-by-WangDadi\boothell\manual\BOO_013.md
E:\Developer-Toolbox-by-WangDadi\noaimd\manual\NOA_030.md
E:\Developer-Toolbox-by-WangDadi\navslayer\manual\ja\NAV_029.md
E:\Developer-Toolbox-by-WangDadi\focusinbox\manual\ja\FOC_003.md
E:\Developer-Toolbox-by-WangDadi\rugradar\manual\RUG_021.md
E:\Developer-Toolbox-by-WangDadi\webhookslayer\manual\WEB_005.md
E:\Developer-Toolbox-by-WangDadi\truck\manual\es\TRU_027.md
E:\Developer-Toolbox-by-WangDadi\cleancsvai\manual\de\CLE_028.md
E:\Developer-Toolbox-by-WangDadi\receptionkiller\manual\ja\REC_029.md
E:\Developer-Toolbox-by-WangDadi\agents\manual\ja\AGE_005.md
E:\Developer-Toolbox-by-WangDadi\nichecalccrusher\manual\NIC_024.md
E:\Developer-Toolbox-by-WangDadi\killbillcard\manual\KIL_016.md
E:\Developer-Toolbox-by-WangDadi\nukeprivacy\manual\ja\NUK_006.md
E:\Developer-Toolbox-by-WangDadi\oneclickapi\manual\ja\ONE_005.md
E:\Developer-Toolbox-by-WangDadi\lightningbrand\manual\LIG_011.md
E:\Developer-Toolbox-by-WangDadi\office-sync\manual\ja\OFF_014.md
E:\Developer-Toolbox-by-WangDadi\webhookslayer\manual\ja\WEB_001.md
E:\Developer-Toolbox-by-WangDadi\saasstripper\manual\ja\SAA_020.md
E:\Developer-Toolbox-by-WangDadi\rugradar\manual\ja\RUG_030.md
E:\Developer-Toolbox-by-WangDadi\noseotop\manual\NOS_016.md
E:\Developer-Toolbox-by-WangDadi\cineskin\manual\de\CIN_015.md
E:\Developer-Toolbox-by-WangDadi\neverexplain\manual\es\NEV_008.md
E:\Developer-Toolbox-by-WangDadi\noisekiller\manual\ja\NOI_030.md
E:\Developer-Toolbox-by-WangDadi\zerosub\manual\ja\ZER_022.md
E:\Developer-Toolbox-by-WangDadi\chapterpredictor\manual\CHA_016.md
E:\Developer-Toolbox-by-WangDadi\cleancsvai\manual\ja\CLE_012.md
E:\Developer-Toolbox-by-WangDadi\killswitchapi\manual\ja\KIL_027.md
E:\Developer-Toolbox-by-WangDadi\scriptkill\manual\ja\SCR_008.md
E:\Developer-Toolbox-by-WangDadi\cronguard\manual\ja\CRO_017.md
E:\Developer-Toolbox-by-WangDadi\focusinbox-eight\manual\de\FOC_018.md
E:\Developer-Toolbox-by-WangDadi\multi-tenant-demo\manual\es\MUL_022.md
E:\Developer-Toolbox-by-WangDadi\receptionkiller\manual\ja\REC_020.md
E:\Developer-Toolbox-by-WangDadi\focusinbox-eight\manual\FOC_019.md
E:\Developer-Toolbox-by-WangDadi\mememooncalculator\manual\ja\MEM_013.md
E:\Developer-Toolbox-by-WangDadi\multi-tenant-demo\manual\es\MUL_019.md
E:\Developer-Toolbox-by-WangDadi\coachellaviral\manual\ja\COA_012.md
E:\Developer-Toolbox-by-WangDadi\saasstripper\manual\es\SAA_009.md
E:\Developer-Toolbox-by-WangDadi\postgressurgeon\manual\ja\POS_010.md
E:\Developer-Toolbox-by-WangDadi\postgressurgeon\manual\POS_004.md
E:\Developer-Toolbox-by-WangDadi\killswitchapi\manual\KIL_017.md
E:\Developer-Toolbox-by-WangDadi\killbillcard\manual\de\KIL_015.md
E:\Developer-Toolbox-by-WangDadi\stopsaas\manual\es\STO_015.md
E:\Developer-Toolbox-by-WangDadi\stopaicost\manual\STO_026.md
E:\Developer-Toolbox-by-WangDadi\chapterpredictor\manual\de\CHA_009.md
E:\Developer-Toolbox-by-WangDadi\zerosub\manual\de\ZER_005.md
E:\Developer-Toolbox-by-WangDadi\neverexplain\manual\NEV_019.md
