E:\Developer-Toolbox-by-WangDadi\bbb26dramapredictor\manual\ja\BBB_002.md
E:\Developer-Toolbox-by-WangDadi\bbb26dramapredictor\manual\ja\BBB_003.md
E:\Developer-Toolbox-by-WangDadi\bbb26dramapredictor\manual\ja\BBB_004.md
E:\Developer-Toolbox-by-WangDadi\bbb26dramapredictor\manual\ja\BBB_005.md
E:\Developer-Toolbox-by-WangDadi\bbb26dramapredictor\manual\ja\BBB_006.md
E:\Developer-Toolbox-by-WangDadi\bbb26dramapredictor\manual\ja\BBB_007.md
E:\Developer-Toolbox-by-WangDadi\bbb26dramapredictor\manual\ja\BBB_008.md
E:\Developer-Toolbox-by-WangDadi\bbb26dramapredictor\manual\ja\BBB_009.md
E:\Developer-Toolbox-by-WangDadi\bbb26dramapredictor\manual\ja\BBB_010.md
E:\Developer-Toolbox-by-WangDadi\bbb26dramapredictor\manual\ja\BBB_011.md
E:\Developer-Toolbox-by-WangDadi\bbb26dramapredictor\manual\ja\BBB_012.md
E:\Developer-Toolbox-by-WangDadi\bbb26dramapredictor\manual\ja\BBB_013.md
E:\Developer-Toolbox-by-WangDadi\bbb26dramapredictor\manual\ja\BBB_014.md
E:\Developer-Toolbox-by-WangDadi\bbb26dramapredictor\manual\ja\BBB_015.md
E:\Developer-Toolbox-by-WangDadi\bbb26dramapredictor\manual\ja\BBB_016.md
E:\Developer-Toolbox-by-WangDadi\bbb26dramapredictor\manual\ja\BBB_017.md
E:\Developer-Toolbox-by-WangDadi\bbb26dramapredictor\manual\ja\BBB_018.md
E:\Developer-Toolbox-by-WangDadi\bbb26dramapredictor\manual\ja\BBB_019.md
E:\Developer-Toolbox-by-WangDadi\bbb26dramapredictor\manual\ja\BBB_020.md
E:\Developer-Toolbox-by-WangDadi\bbb26dramapredictor\manual\ja\BBB_021.md
E:\Developer-Toolbox-by-WangDadi\bbb26dramapredictor\manual\ja\BBB_022.md
E:\Developer-Toolbox-by-WangDadi\bbb26dramapredictor\manual\ja\BBB_023.md
E:\Developer-Toolbox-by-WangDadi\bbb26dramapredictor\manual\ja\BBB_024.md
E:\Developer-Toolbox-by-WangDadi\bbb26dramapredictor\manual\ja\BBB_025.md
E:\Developer-Toolbox-by-WangDadi\bbb26dramapredictor\manual\ja\BBB_026.md
E:\Developer-Toolbox-by-WangDadi\bbb26dramapredictor\manual\ja\BBB_027.md
E:\Developer-Toolbox-by-WangDadi\bbb26dramapredictor\manual\ja\BBB_028.md
E:\Developer-Toolbox-by-WangDadi\bbb26dramapredictor\manual\ja\BBB_029.md
E:\Developer-Toolbox-by-WangDadi\bbb26dramapredictor\manual\ja\BBB_030.md
E:\Developer-Toolbox-by-WangDadi\billripper\manual\BIL_001.md
E:\Developer-Toolbox-by-WangDadi\billripper\manual\BIL_007.md
E:\Developer-Toolbox-by-WangDadi\billripper\manual\BIL_008.md
E:\Developer-Toolbox-by-WangDadi\billripper\manual\BIL_014.md
E:\Developer-Toolbox-by-WangDadi\billripper\manual\BIL_016.md
E:\Developer-Toolbox-by-WangDadi\billripper\manual\BIL_017.md
E:\Developer-Toolbox-by-WangDadi\billripper\manual\BIL_019.md
E:\Developer-Toolbox-by-WangDadi\billripper\manual\BIL_020.md
E:\Developer-Toolbox-by-WangDadi\billripper\manual\BIL_021.md
E:\Developer-Toolbox-by-WangDadi\billripper\manual\BIL_023.md
E:\Developer-Toolbox-by-WangDadi\billripper\manual\BIL_024.md
E:\Developer-Toolbox-by-WangDadi\billripper\manual\BIL_025.md
E:\Developer-Toolbox-by-WangDadi\billripper\manual\BIL_027.md
E:\Developer-Toolbox-by-WangDadi\billripper\manual\de\BIL_001.md
E:\Developer-Toolbox-by-WangDadi\billripper\manual\de\BIL_002.md
E:\Developer-Toolbox-by-WangDadi\billripper\manual\de\BIL_003.md
E:\Developer-Toolbox-by-WangDadi\billripper\manual\de\BIL_004.md
E:\Developer-Toolbox-by-WangDadi\billripper\manual\de\BIL_005.md
E:\Developer-Toolbox-by-WangDadi\billripper\manual\de\BIL_006.md
E:\Developer-Toolbox-by-WangDadi\billripper\manual\de\BIL_007.md
E:\Developer-Toolbox-by-WangDadi\billripper\manual\de\BIL_008.md
E:\Developer-Toolbox-by-WangDadi\billripper\manual\de\BIL_009.md
E:\Developer-Toolbox-by-WangDadi\billripper\manual\de\BIL_010.md
E:\Developer-Toolbox-by-WangDadi\billripper\manual\de\BIL_011.md
E:\Developer-Toolbox-by-WangDadi\billripper\manual\de\BIL_012.md
E:\Developer-Toolbox-by-WangDadi\billripper\manual\de\BIL_013.md
E:\Developer-Toolbox-by-WangDadi\billripper\manual\de\BIL_014.md
E:\Developer-Toolbox-by-WangDadi\billripper\manual\de\BIL_015.md
E:\Developer-Toolbox-by-WangDadi\billripper\manual\de\BIL_016.md
E:\Developer-Toolbox-by-WangDadi\billripper\manual\de\BIL_017.md
E:\Developer-Toolbox-by-WangDadi\billripper\manual\de\BIL_018.md
E:\Developer-Toolbox-by-WangDadi\billripper\manual\de\BIL_019.md
E:\Developer-Toolbox-by-WangDadi\billripper\manual\de\BIL_020.md
E:\Developer-Toolbox-by-WangDadi\billripper\manual\de\BIL_021.md
E:\Developer-Toolbox-by-WangDadi\billripper\manual\de\BIL_022.md
E:\Developer-Toolbox-by-WangDadi\billripper\manual\de\BIL_024.md
E:\Developer-Toolbox-by-WangDadi\billripper\manual\de\BIL_025.md
E:\Developer-Toolbox-by-WangDadi\billripper\manual\de\BIL_026.md
E:\Developer-Toolbox-by-WangDadi\billripper\manual\de\BIL_027.md
E:\Developer-Toolbox-by-WangDadi\billripper\manual\de\BIL_028.md
E:\Developer-Toolbox-by-WangDadi\billripper\manual\de\BIL_029.md
E:\Developer-Toolbox-by-WangDadi\billripper\manual\de\BIL_030.md
E:\Developer-Toolbox-by-WangDadi\billripper\manual\es\BIL_002.md
E:\Developer-Toolbox-by-WangDadi\billripper\manual\es\BIL_004.md
E:\Developer-Toolbox-by-WangDadi\billripper\manual\es\BIL_013.md
E:\Developer-Toolbox-by-WangDadi\billripper\manual\es\BIL_017.md
E:\Developer-Toolbox-by-WangDadi\billripper\manual\es\BIL_018.md
E:\Developer-Toolbox-by-WangDadi\billripper\manual\es\BIL_022.md
E:\Developer-Toolbox-by-WangDadi\billripper\manual\es\BIL_023.md
E:\Developer-Toolbox-by-WangDadi\billripper\manual\es\BIL_029.md
E:\Developer-Toolbox-by-WangDadi\billripper\manual\ja\BIL_001.md
E:\Developer-Toolbox-by-WangDadi\billripper\manual\ja\BIL_002.md
E:\Developer-Toolbox-by-WangDadi\billripper\manual\ja\BIL_003.md
E:\Developer-Toolbox-by-WangDadi\billripper\manual\ja\BIL_004.md
E:\Developer-Toolbox-by-WangDadi\billripper\manual\ja\BIL_005.md
E:\Developer-Toolbox-by-WangDadi\billripper\manual\ja\BIL_006.md
E:\Developer-Toolbox-by-WangDadi\billripper\manual\ja\BIL_007.md
E:\Developer-Toolbox-by-WangDadi\billripper\manual\ja\BIL_008.md
E:\Developer-Toolbox-by-WangDadi\billripper\manual\ja\BIL_009.md
E:\Developer-Toolbox-by-WangDadi\billripper\manual\ja\BIL_010.md
E:\Developer-Toolbox-by-WangDadi\billripper\manual\ja\BIL_011.md
E:\Developer-Toolbox-by-WangDadi\billripper\manual\ja\BIL_012.md
E:\Developer-Toolbox-by-WangDadi\billripper\manual\ja\BIL_013.md
E:\Developer-Toolbox-by-WangDadi\billripper\manual\ja\BIL_014.md
E:\Developer-Toolbox-by-WangDadi\billripper\manual\ja\BIL_015.md
E:\Developer-Toolbox-by-WangDadi\billripper\manual\ja\BIL_016.md
E:\Developer-Toolbox-by-WangDadi\billripper\manual\ja\BIL_017.md
E:\Developer-Toolbox-by-WangDadi\billripper\manual\ja\BIL_018.md
E:\Developer-Toolbox-by-WangDadi\billripper\manual\ja\BIL_019.md
E:\Developer-Toolbox-by-WangDadi\billripper\manual\ja\BIL_020.md
E:\Developer-Toolbox-by-WangDadi\billripper\manual\ja\BIL_021.md
E:\Developer-Toolbox-by-WangDadi\billripper\manual\ja\BIL_022.md
E:\Developer-Toolbox-by-WangDadi\billripper\manual\ja\BIL_023.md
E:\Developer-Toolbox-by-WangDadi\billripper\manual\ja\BIL_024.md
E:\Developer-Toolbox-by-WangDadi\billripper\manual\ja\BIL_025.md
E:\Developer-Toolbox-by-WangDadi\billripper\manual\ja\BIL_026.md
E:\Developer-Toolbox-by-WangDadi\billripper\manual\ja\BIL_027.md
E:\Developer-Toolbox-by-WangDadi\billripper\manual\ja\BIL_028.md
E:\Developer-Toolbox-by-WangDadi\billripper\manual\ja\BIL_029.md
E:\Developer-Toolbox-by-WangDadi\billripper\manual\ja\BIL_030.md
E:\Developer-Toolbox-by-WangDadi\boothell\manual\BOO_002.md
E:\Developer-Toolbox-by-WangDadi\boothell\manual\BOO_003.md
E:\Developer-Toolbox-by-WangDadi\boothell\manual\BOO_011.md
E:\Developer-Toolbox-by-WangDadi\boothell\manual\BOO_013.md
E:\Developer-Toolbox-by-WangDadi\boothell\manual\BOO_015.md
E:\Developer-Toolbox-by-WangDadi\boothell\manual\BOO_021.md
E:\Developer-Toolbox-by-WangDadi\boothell\manual\BOO_022.md
E:\Developer-Toolbox-by-WangDadi\boothell\manual\BOO_026.md
E:\Developer-Toolbox-by-WangDadi\boothell\manual\BOO_027.md
E:\Developer-Toolbox-by-WangDadi\boothell\manual\BOO_030.md
E:\Developer-Toolbox-by-WangDadi\boothell\manual\de\BOO_001.md
E:\Developer-Toolbox-by-WangDadi\boothell\manual\de\BOO_002.md
E:\Developer-Toolbox-by-WangDadi\boothell\manual\de\BOO_003.md
E:\Developer-Toolbox-by-WangDadi\boothell\manual\de\BOO_004.md
E:\Developer-Toolbox-by-WangDadi\boothell\manual\de\BOO_005.md
E:\Developer-Toolbox-by-WangDadi\boothell\manual\de\BOO_006.md
E:\Developer-Toolbox-by-WangDadi\boothell\manual\de\BOO_007.md
E:\Developer-Toolbox-by-WangDadi\boothell\manual\de\BOO_008.md
E:\Developer-Toolbox-by-WangDadi\boothell\manual\de\BOO_009.md
E:\Developer-Toolbox-by-WangDadi\boothell\manual\de\BOO_010.md
E:\Developer-Toolbox-by-WangDadi\boothell\manual\de\BOO_011.md
E:\Developer-Toolbox-by-WangDadi\boothell\manual\de\BOO_012.md
E:\Developer-Toolbox-by-WangDadi\boothell\manual\de\BOO_013.md
E:\Developer-Toolbox-by-WangDadi\boothell\manual\de\BOO_014.md
E:\Developer-Toolbox-by-WangDadi\boothell\manual\de\BOO_015.md
E:\Developer-Toolbox-by-WangDadi\boothell\manual\de\BOO_016.md
E:\Developer-Toolbox-by-WangDadi\boothell\manual\de\BOO_017.md
E:\Developer-Toolbox-by-WangDadi\boothell\manual\de\BOO_018.md
E:\Developer-Toolbox-by-WangDadi\boothell\manual\de\BOO_019.md
E:\Developer-Toolbox-by-WangDadi\boothell\manual\de\BOO_020.md
E:\Developer-Toolbox-by-WangDadi\boothell\manual\de\BOO_021.md
E:\Developer-Toolbox-by-WangDadi\boothell\manual\de\BOO_022.md
E:\Developer-Toolbox-by-WangDadi\boothell\manual\de\BOO_023.md
E:\Developer-Toolbox-by-WangDadi\boothell\manual\de\BOO_024.md
E:\Developer-Toolbox-by-WangDadi\boothell\manual\de\BOO_025.md
E:\Developer-Toolbox-by-WangDadi\boothell\manual\de\BOO_026.md
E:\Developer-Toolbox-by-WangDadi\boothell\manual\de\BOO_027.md
E:\Developer-Toolbox-by-WangDadi\boothell\manual\de\BOO_028.md
E:\Developer-Toolbox-by-WangDadi\boothell\manual\de\BOO_029.md
E:\Developer-Toolbox-by-WangDadi\boothell\manual\de\BOO_030.md
E:\Developer-Toolbox-by-WangDadi\boothell\manual\es\BOO_001.md
E:\Developer-Toolbox-by-WangDadi\boothell\manual\es\BOO_006.md
E:\Developer-Toolbox-by-WangDadi\boothell\manual\es\BOO_007.md
E:\Developer-Toolbox-by-WangDadi\boothell\manual\es\BOO_009.md
E:\Developer-Toolbox-by-WangDadi\boothell\manual\es\BOO_010.md
E:\Developer-Toolbox-by-WangDadi\boothell\manual\es\BOO_011.md
E:\Developer-Toolbox-by-WangDadi\boothell\manual\es\BOO_012.md
E:\Developer-Toolbox-by-WangDadi\boothell\manual\es\BOO_014.md
E:\Developer-Toolbox-by-WangDadi\boothell\manual\es\BOO_015.md
E:\Developer-Toolbox-by-WangDadi\boothell\manual\es\BOO_018.md
E:\Developer-Toolbox-by-WangDadi\boothell\manual\es\BOO_019.md
E:\Developer-Toolbox-by-WangDadi\boothell\manual\es\BOO_021.md
E:\Developer-Toolbox-by-WangDadi\boothell\manual\es\BOO_029.md
E:\Developer-Toolbox-by-WangDadi\boothell\manual\es\BOO_030.md
E:\Developer-Toolbox-by-WangDadi\boothell\manual\ja\BOO_001.md
E:\Developer-Toolbox-by-WangDadi\boothell\manual\ja\BOO_002.md
E:\Developer-Toolbox-by-WangDadi\boothell\manual\ja\BOO_003.md
E:\Developer-Toolbox-by-WangDadi\boothell\manual\ja\BOO_004.md
E:\Developer-Toolbox-by-WangDadi\boothell\manual\ja\BOO_005.md
E:\Developer-Toolbox-by-WangDadi\boothell\manual\ja\BOO_006.md
E:\Developer-Toolbox-by-WangDadi\boothell\manual\ja\BOO_007.md
E:\Developer-Toolbox-by-WangDadi\boothell\manual\ja\BOO_008.md
E:\Developer-Toolbox-by-WangDadi\boothell\manual\ja\BOO_009.md
E:\Developer-Toolbox-by-WangDadi\boothell\manual\ja\BOO_010.md
E:\Developer-Toolbox-by-WangDadi\boothell\manual\ja\BOO_011.md
E:\Developer-Toolbox-by-WangDadi\boothell\manual\ja\BOO_012.md
E:\Developer-Toolbox-by-WangDadi\boothell\manual\ja\BOO_013.md
E:\Developer-Toolbox-by-WangDadi\boothell\manual\ja\BOO_014.md
E:\Developer-Toolbox-by-WangDadi\boothell\manual\ja\BOO_015.md
E:\Developer-Toolbox-by-WangDadi\boothell\manual\ja\BOO_016.md
E:\Developer-Toolbox-by-WangDadi\boothell\manual\ja\BOO_017.md
E:\Developer-Toolbox-by-WangDadi\boothell\manual\ja\BOO_018.md
E:\Developer-Toolbox-by-WangDadi\boothell\manual\ja\BOO_019.md
E:\Developer-Toolbox-by-WangDadi\boothell\manual\ja\BOO_020.md
E:\Developer-Toolbox-by-WangDadi\boothell\manual\ja\BOO_021.md
E:\Developer-Toolbox-by-WangDadi\boothell\manual\ja\BOO_022.md
E:\Developer-Toolbox-by-WangDadi\boothell\manual\ja\BOO_023.md
E:\Developer-Toolbox-by-WangDadi\boothell\manual\ja\BOO_024.md
E:\Developer-Toolbox-by-WangDadi\boothell\manual\ja\BOO_025.md
E:\Developer-Toolbox-by-WangDadi\boothell\manual\ja\BOO_026.md
E:\Developer-Toolbox-by-WangDadi\boothell\manual\ja\BOO_027.md
E:\Developer-Toolbox-by-WangDadi\boothell\manual\ja\BOO_028.md
E:\Developer-Toolbox-by-WangDadi\boothell\manual\ja\BOO_029.md
E:\Developer-Toolbox-by-WangDadi\boothell\manual\ja\BOO_030.md
E:\Developer-Toolbox-by-WangDadi\brainbridge\manual\BRA_003.md
E:\Developer-Toolbox-by-WangDadi\brainbridge\manual\BRA_004.md
E:\Developer-Toolbox-by-WangDadi\brainbridge\manual\BRA_005.md
E:\Developer-Toolbox-by-WangDadi\brainbridge\manual\BRA_006.md
E:\Developer-Toolbox-by-WangDadi\brainbridge\manual\BRA_008.md
E:\Developer-Toolbox-by-WangDadi\brainbridge\manual\BRA_011.md
E:\Developer-Toolbox-by-WangDadi\brainbridge\manual\BRA_015.md
E:\Developer-Toolbox-by-WangDadi\brainbridge\manual\BRA_016.md
E:\Developer-Toolbox-by-WangDadi\brainbridge\manual\BRA_019.md
E:\Developer-Toolbox-by-WangDadi\brainbridge\manual\BRA_021.md
E:\Developer-Toolbox-by-WangDadi\brainbridge\manual\BRA_022.md
E:\Developer-Toolbox-by-WangDadi\brainbridge\manual\BRA_023.md
E:\Developer-Toolbox-by-WangDadi\brainbridge\manual\BRA_025.md
E:\Developer-Toolbox-by-WangDadi\brainbridge\manual\BRA_026.md
E:\Developer-Toolbox-by-WangDadi\brainbridge\manual\BRA_027.md
E:\Developer-Toolbox-by-WangDadi\brainbridge\manual\BRA_028.md
E:\Developer-Toolbox-by-WangDadi\brainbridge\manual\BRA_029.md
E:\Developer-Toolbox-by-WangDadi\brainbridge\manual\de\BRA_001.md
E:\Developer-Toolbox-by-WangDadi\brainbridge\manual\de\BRA_002.md
E:\Developer-Toolbox-by-WangDadi\brainbridge\manual\de\BRA_003.md
E:\Developer-Toolbox-by-WangDadi\brainbridge\manual\de\BRA_004.md
E:\Developer-Toolbox-by-WangDadi\brainbridge\manual\de\BRA_005.md
E:\Developer-Toolbox-by-WangDadi\brainbridge\manual\de\BRA_006.md
E:\Developer-Toolbox-by-WangDadi\brainbridge\manual\de\BRA_007.md
E:\Developer-Toolbox-by-WangDadi\brainbridge\manual\de\BRA_008.md
E:\Developer-Toolbox-by-WangDadi\brainbridge\manual\de\BRA_009.md
E:\Developer-Toolbox-by-WangDadi\brainbridge\manual\de\BRA_010.md
E:\Developer-Toolbox-by-WangDadi\brainbridge\manual\de\BRA_011.md
E:\Developer-Toolbox-by-WangDadi\brainbridge\manual\de\BRA_012.md
E:\Developer-Toolbox-by-WangDadi\brainbridge\manual\de\BRA_013.md
E:\Developer-Toolbox-by-WangDadi\brainbridge\manual\de\BRA_014.md
E:\Developer-Toolbox-by-WangDadi\brainbridge\manual\de\BRA_015.md
E:\Developer-Toolbox-by-WangDadi\brainbridge\manual\de\BRA_016.md
E:\Developer-Toolbox-by-WangDadi\brainbridge\manual\de\BRA_017.md
E:\Developer-Toolbox-by-WangDadi\brainbridge\manual\de\BRA_018.md
E:\Developer-Toolbox-by-WangDadi\brainbridge\manual\de\BRA_020.md
E:\Developer-Toolbox-by-WangDadi\brainbridge\manual\de\BRA_021.md
E:\Developer-Toolbox-by-WangDadi\brainbridge\manual\de\BRA_022.md
E:\Developer-Toolbox-by-WangDadi\brainbridge\manual\de\BRA_023.md
E:\Developer-Toolbox-by-WangDadi\brainbridge\manual\de\BRA_024.md
E:\Developer-Toolbox-by-WangDadi\brainbridge\manual\de\BRA_025.md
E:\Developer-Toolbox-by-WangDadi\brainbridge\manual\de\BRA_026.md
E:\Developer-Toolbox-by-WangDadi\brainbridge\manual\de\BRA_027.md
E:\Developer-Toolbox-by-WangDadi\brainbridge\manual\de\BRA_028.md
E:\Developer-Toolbox-by-WangDadi\brainbridge\manual\de\BRA_029.md
E:\Developer-Toolbox-by-WangDadi\brainbridge\manual\de\BRA_030.md
E:\Developer-Toolbox-by-WangDadi\brainbridge\manual\es\BRA_002.md
E:\Developer-Toolbox-by-WangDadi\brainbridge\manual\es\BRA_003.md
E:\Developer-Toolbox-by-WangDadi\brainbridge\manual\es\BRA_004.md
E:\Developer-Toolbox-by-WangDadi\brainbridge\manual\es\BRA_005.md
E:\Developer-Toolbox-by-WangDadi\brainbridge\manual\es\BRA_006.md
E:\Developer-Toolbox-by-WangDadi\brainbridge\manual\es\BRA_010.md
E:\Developer-Toolbox-by-WangDadi\brainbridge\manual\es\BRA_013.md
E:\Developer-Toolbox-by-WangDadi\brainbridge\manual\es\BRA_014.md
E:\Developer-Toolbox-by-WangDadi\brainbridge\manual\es\BRA_016.md
E:\Developer-Toolbox-by-WangDadi\brainbridge\manual\es\BRA_017.md
E:\Developer-Toolbox-by-WangDadi\brainbridge\manual\es\BRA_020.md
E:\Developer-Toolbox-by-WangDadi\brainbridge\manual\es\BRA_021.md
E:\Developer-Toolbox-by-WangDadi\brainbridge\manual\es\BRA_022.md
E:\Developer-Toolbox-by-WangDadi\brainbridge\manual\es\BRA_024.md
E:\Developer-Toolbox-by-WangDadi\brainbridge\manual\es\BRA_025.md
E:\Developer-Toolbox-by-WangDadi\brainbridge\manual\ja\BRA_001.md
E:\Developer-Toolbox-by-WangDadi\brainbridge\manual\ja\BRA_002.md
E:\Developer-Toolbox-by-WangDadi\brainbridge\manual\ja\BRA_003.md
E:\Developer-Toolbox-by-WangDadi\brainbridge\manual\ja\BRA_004.md
E:\Developer-Toolbox-by-WangDadi\brainbridge\manual\ja\BRA_005.md
E:\Developer-Toolbox-by-WangDadi\brainbridge\manual\ja\BRA_006.md
E:\Developer-Toolbox-by-WangDadi\brainbridge\manual\ja\BRA_007.md
E:\Developer-Toolbox-by-WangDadi\brainbridge\manual\ja\BRA_008.md
E:\Developer-Toolbox-by-WangDadi\brainbridge\manual\ja\BRA_009.md
E:\Developer-Toolbox-by-WangDadi\brainbridge\manual\ja\BRA_010.md
E:\Developer-Toolbox-by-WangDadi\brainbridge\manual\ja\BRA_011.md
E:\Developer-Toolbox-by-WangDadi\brainbridge\manual\ja\BRA_012.md
E:\Developer-Toolbox-by-WangDadi\brainbridge\manual\ja\BRA_013.md
E:\Developer-Toolbox-by-WangDadi\brainbridge\manual\ja\BRA_014.md
E:\Developer-Toolbox-by-WangDadi\brainbridge\manual\ja\BRA_015.md
E:\Developer-Toolbox-by-WangDadi\brainbridge\manual\ja\BRA_016.md
E:\Developer-Toolbox-by-WangDadi\brainbridge\manual\ja\BRA_017.md
E:\Developer-Toolbox-by-WangDadi\brainbridge\manual\ja\BRA_018.md
E:\Developer-Toolbox-by-WangDadi\brainbridge\manual\ja\BRA_019.md
E:\Developer-Toolbox-by-WangDadi\brainbridge\manual\ja\BRA_020.md
E:\Developer-Toolbox-by-WangDadi\brainbridge\manual\ja\BRA_021.md
E:\Developer-Toolbox-by-WangDadi\brainbridge\manual\ja\BRA_022.md
E:\Developer-Toolbox-by-WangDadi\brainbridge\manual\ja\BRA_023.md
E:\Developer-Toolbox-by-WangDadi\brainbridge\manual\ja\BRA_024.md
E:\Developer-Toolbox-by-WangDadi\brainbridge\manual\ja\BRA_025.md
E:\Developer-Toolbox-by-WangDadi\brainbridge\manual\ja\BRA_026.md
E:\Developer-Toolbox-by-WangDadi\brainbridge\manual\ja\BRA_027.md
E:\Developer-Toolbox-by-WangDadi\brainbridge\manual\ja\BRA_028.md
E:\Developer-Toolbox-by-WangDadi\brainbridge\manual\ja\BRA_029.md
E:\Developer-Toolbox-by-WangDadi\brainbridge\manual\ja\BRA_030.md
E:\Developer-Toolbox-by-WangDadi\capsule-factory-saas\manual\CAP_014.md
E:\Developer-Toolbox-by-WangDadi\capsule-factory-saas\manual\CAP_015.md
E:\Developer-Toolbox-by-WangDadi\capsule-factory-saas\manual\CAP_017.md
E:\Developer-Toolbox-by-WangDadi\capsule-factory-saas\manual\de\CAP_001.md
E:\Developer-Toolbox-by-WangDadi\capsule-factory-saas\manual\de\CAP_002.md
E:\Developer-Toolbox-by-WangDadi\capsule-factory-saas\manual\de\CAP_003.md
E:\Developer-Toolbox-by-WangDadi\capsule-factory-saas\manual\de\CAP_004.md
E:\Developer-Toolbox-by-WangDadi\capsule-factory-saas\manual\de\CAP_005.md
E:\Developer-Toolbox-by-WangDadi\capsule-factory-saas\manual\de\CAP_006.md
E:\Developer-Toolbox-by-WangDadi\capsule-factory-saas\manual\de\CAP_007.md
E:\Developer-Toolbox-by-WangDadi\capsule-factory-saas\manual\de\CAP_008.md
E:\Developer-Toolbox-by-WangDadi\capsule-factory-saas\manual\de\CAP_009.md
E:\Developer-Toolbox-by-WangDadi\capsule-factory-saas\manual\de\CAP_010.md
E:\Developer-Toolbox-by-WangDadi\capsule-factory-saas\manual\de\CAP_011.md
E:\Developer-Toolbox-by-WangDadi\capsule-factory-saas\manual\de\CAP_012.md
E:\Developer-Toolbox-by-WangDadi\capsule-factory-saas\manual\de\CAP_013.md
E:\Developer-Toolbox-by-WangDadi\capsule-factory-saas\manual\de\CAP_014.md
E:\Developer-Toolbox-by-WangDadi\capsule-factory-saas\manual\de\CAP_015.md
E:\Developer-Toolbox-by-WangDadi\capsule-factory-saas\manual\de\CAP_016.md
E:\Developer-Toolbox-by-WangDadi\capsule-factory-saas\manual\de\CAP_017.md
E:\Developer-Toolbox-by-WangDadi\capsule-factory-saas\manual\de\CAP_018.md
E:\Developer-Toolbox-by-WangDadi\capsule-factory-saas\manual\de\CAP_019.md
E:\Developer-Toolbox-by-WangDadi\capsule-factory-saas\manual\de\CAP_020.md
E:\Developer-Toolbox-by-WangDadi\capsule-factory-saas\manual\de\CAP_021.md
E:\Developer-Toolbox-by-WangDadi\capsule-factory-saas\manual\de\CAP_022.md
E:\Developer-Toolbox-by-WangDadi\capsule-factory-saas\manual\de\CAP_023.md
E:\Developer-Toolbox-by-WangDadi\capsule-factory-saas\manual\de\CAP_024.md
E:\Developer-Toolbox-by-WangDadi\capsule-factory-saas\manual\de\CAP_025.md
E:\Developer-Toolbox-by-WangDadi\capsule-factory-saas\manual\de\CAP_026.md
E:\Developer-Toolbox-by-WangDadi\capsule-factory-saas\manual\de\CAP_027.md
E:\Developer-Toolbox-by-WangDadi\capsule-factory-saas\manual\de\CAP_028.md
E:\Developer-Toolbox-by-WangDadi\capsule-factory-saas\manual\de\CAP_029.md
E:\Developer-Toolbox-by-WangDadi\capsule-factory-saas\manual\de\CAP_030.md
E:\Developer-Toolbox-by-WangDadi\capsule-factory-saas\manual\es\CAP_002.md
E:\Developer-Toolbox-by-WangDadi\capsule-factory-saas\manual\es\CAP_010.md
E:\Developer-Toolbox-by-WangDadi\capsule-factory-saas\manual\es\CAP_011.md
E:\Developer-Toolbox-by-WangDadi\capsule-factory-saas\manual\es\CAP_012.md
E:\Developer-Toolbox-by-WangDadi\capsule-factory-saas\manual\es\CAP_015.md
E:\Developer-Toolbox-by-WangDadi\capsule-factory-saas\manual\es\CAP_017.md
E:\Developer-Toolbox-by-WangDadi\capsule-factory-saas\manual\es\CAP_018.md
E:\Developer-Toolbox-by-WangDadi\capsule-factory-saas\manual\es\CAP_019.md
E:\Developer-Toolbox-by-WangDadi\capsule-factory-saas\manual\es\CAP_020.md
E:\Developer-Toolbox-by-WangDadi\capsule-factory-saas\manual\es\CAP_022.md
E:\Developer-Toolbox-by-WangDadi\capsule-factory-saas\manual\es\CAP_024.md
E:\Developer-Toolbox-by-WangDadi\capsule-factory-saas\manual\es\CAP_025.md
E:\Developer-Toolbox-by-WangDadi\capsule-factory-saas\manual\es\CAP_026.md
E:\Developer-Toolbox-by-WangDadi\capsule-factory-saas\manual\es\CAP_027.md
E:\Developer-Toolbox-by-WangDadi\capsule-factory-saas\manual\es\CAP_028.md
E:\Developer-Toolbox-by-WangDadi\capsule-factory-saas\manual\es\CAP_029.md
E:\Developer-Toolbox-by-WangDadi\capsule-factory-saas\manual\es\CAP_030.md
E:\Developer-Toolbox-by-WangDadi\capsule-factory-saas\manual\ja\CAP_001.md
E:\Developer-Toolbox-by-WangDadi\capsule-factory-saas\manual\ja\CAP_002.md
E:\Developer-Toolbox-by-WangDadi\capsule-factory-saas\manual\ja\CAP_003.md
E:\Developer-Toolbox-by-WangDadi\capsule-factory-saas\manual\ja\CAP_004.md
E:\Developer-Toolbox-by-WangDadi\capsule-factory-saas\manual\ja\CAP_005.md
E:\Developer-Toolbox-by-WangDadi\capsule-factory-saas\manual\ja\CAP_006.md
E:\Developer-Toolbox-by-WangDadi\capsule-factory-saas\manual\ja\CAP_007.md
E:\Developer-Toolbox-by-WangDadi\capsule-factory-saas\manual\ja\CAP_008.md
E:\Developer-Toolbox-by-WangDadi\capsule-factory-saas\manual\ja\CAP_009.md
E:\Developer-Toolbox-by-WangDadi\capsule-factory-saas\manual\ja\CAP_010.md
E:\Developer-Toolbox-by-WangDadi\capsule-factory-saas\manual\ja\CAP_011.md
E:\Developer-Toolbox-by-WangDadi\capsule-factory-saas\manual\ja\CAP_012.md
E:\Developer-Toolbox-by-WangDadi\capsule-factory-saas\manual\ja\CAP_013.md
E:\Developer-Toolbox-by-WangDadi\capsule-factory-saas\manual\ja\CAP_014.md
E:\Developer-Toolbox-by-WangDadi\capsule-factory-saas\manual\ja\CAP_015.md
E:\Developer-Toolbox-by-WangDadi\capsule-factory-saas\manual\ja\CAP_016.md
E:\Developer-Toolbox-by-WangDadi\capsule-factory-saas\manual\ja\CAP_017.md
E:\Developer-Toolbox-by-WangDadi\capsule-factory-saas\manual\ja\CAP_018.md
E:\Developer-Toolbox-by-WangDadi\capsule-factory-saas\manual\ja\CAP_019.md
E:\Developer-Toolbox-by-WangDadi\capsule-factory-saas\manual\ja\CAP_020.md
E:\Developer-Toolbox-by-WangDadi\capsule-factory-saas\manual\ja\CAP_021.md
E:\Developer-Toolbox-by-WangDadi\capsule-factory-saas\manual\ja\CAP_022.md
E:\Developer-Toolbox-by-WangDadi\capsule-factory-saas\manual\ja\CAP_023.md
E:\Developer-Toolbox-by-WangDadi\capsule-factory-saas\manual\ja\CAP_024.md
E:\Developer-Toolbox-by-WangDadi\capsule-factory-saas\manual\ja\CAP_025.md
E:\Developer-Toolbox-by-WangDadi\capsule-factory-saas\manual\ja\CAP_026.md
E:\Developer-Toolbox-by-WangDadi\capsule-factory-saas\manual\ja\CAP_027.md
E:\Developer-Toolbox-by-WangDadi\capsule-factory-saas\manual\ja\CAP_028.md
E:\Developer-Toolbox-by-WangDadi\capsule-factory-saas\manual\ja\CAP_029.md
E:\Developer-Toolbox-by-WangDadi\capsule-factory-saas\manual\ja\CAP_030.md
E:\Developer-Toolbox-by-WangDadi\champions-sp-calc\manual\CHA_002.md
E:\Developer-Toolbox-by-WangDadi\champions-sp-calc\manual\CHA_003.md
E:\Developer-Toolbox-by-WangDadi\champions-sp-calc\manual\CHA_005.md
E:\Developer-Toolbox-by-WangDadi\champions-sp-calc\manual\CHA_006.md
E:\Developer-Toolbox-by-WangDadi\champions-sp-calc\manual\CHA_007.md
E:\Developer-Toolbox-by-WangDadi\champions-sp-calc\manual\CHA_009.md
E:\Developer-Toolbox-by-WangDadi\champions-sp-calc\manual\CHA_013.md
E:\Developer-Toolbox-by-WangDadi\champions-sp-calc\manual\CHA_014.md
E:\Developer-Toolbox-by-WangDadi\champions-sp-calc\manual\CHA_015.md
E:\Developer-Toolbox-by-WangDadi\champions-sp-calc\manual\CHA_016.md
E:\Developer-Toolbox-by-WangDadi\champions-sp-calc\manual\CHA_018.md
E:\Developer-Toolbox-by-WangDadi\champions-sp-calc\manual\CHA_020.md
E:\Developer-Toolbox-by-WangDadi\champions-sp-calc\manual\CHA_022.md
E:\Developer-Toolbox-by-WangDadi\champions-sp-calc\manual\CHA_024.md
E:\Developer-Toolbox-by-WangDadi\champions-sp-calc\manual\CHA_025.md
E:\Developer-Toolbox-by-WangDadi\champions-sp-calc\manual\CHA_027.md
E:\Developer-Toolbox-by-WangDadi\champions-sp-calc\manual\CHA_028.md
E:\Developer-Toolbox-by-WangDadi\champions-sp-calc\manual\CHA_029.md
E:\Developer-Toolbox-by-WangDadi\champions-sp-calc\manual\CHA_030.md
E:\Developer-Toolbox-by-WangDadi\champions-sp-calc\manual\de\CHA_001.md
E:\Developer-Toolbox-by-WangDadi\champions-sp-calc\manual\de\CHA_002.md
E:\Developer-Toolbox-by-WangDadi\champions-sp-calc\manual\de\CHA_003.md
E:\Developer-Toolbox-by-WangDadi\champions-sp-calc\manual\de\CHA_004.md
E:\Developer-Toolbox-by-WangDadi\champions-sp-calc\manual\de\CHA_005.md
E:\Developer-Toolbox-by-WangDadi\champions-sp-calc\manual\de\CHA_006.md
E:\Developer-Toolbox-by-WangDadi\champions-sp-calc\manual\de\CHA_007.md
E:\Developer-Toolbox-by-WangDadi\champions-sp-calc\manual\de\CHA_008.md
E:\Developer-Toolbox-by-WangDadi\champions-sp-calc\manual\de\CHA_009.md
E:\Developer-Toolbox-by-WangDadi\champions-sp-calc\manual\de\CHA_010.md
E:\Developer-Toolbox-by-WangDadi\champions-sp-calc\manual\de\CHA_011.md
E:\Developer-Toolbox-by-WangDadi\champions-sp-calc\manual\de\CHA_012.md
E:\Developer-Toolbox-by-WangDadi\champions-sp-calc\manual\de\CHA_013.md
E:\Developer-Toolbox-by-WangDadi\champions-sp-calc\manual\de\CHA_014.md
E:\Developer-Toolbox-by-WangDadi\champions-sp-calc\manual\de\CHA_015.md
E:\Developer-Toolbox-by-WangDadi\champions-sp-calc\manual\de\CHA_016.md
E:\Developer-Toolbox-by-WangDadi\champions-sp-calc\manual\de\CHA_017.md
E:\Developer-Toolbox-by-WangDadi\champions-sp-calc\manual\de\CHA_018.md
E:\Developer-Toolbox-by-WangDadi\champions-sp-calc\manual\de\CHA_019.md
E:\Developer-Toolbox-by-WangDadi\champions-sp-calc\manual\de\CHA_020.md
E:\Developer-Toolbox-by-WangDadi\champions-sp-calc\manual\de\CHA_021.md
E:\Developer-Toolbox-by-WangDadi\champions-sp-calc\manual\de\CHA_022.md
E:\Developer-Toolbox-by-WangDadi\champions-sp-calc\manual\de\CHA_023.md
E:\Developer-Toolbox-by-WangDadi\champions-sp-calc\manual\de\CHA_024.md
E:\Developer-Toolbox-by-WangDadi\champions-sp-calc\manual\de\CHA_025.md
E:\Developer-Toolbox-by-WangDadi\champions-sp-calc\manual\de\CHA_026.md
E:\Developer-Toolbox-by-WangDadi\champions-sp-calc\manual\de\CHA_027.md
E:\Developer-Toolbox-by-WangDadi\champions-sp-calc\manual\de\CHA_028.md
E:\Developer-Toolbox-by-WangDadi\champions-sp-calc\manual\de\CHA_029.md
E:\Developer-Toolbox-by-WangDadi\champions-sp-calc\manual\de\CHA_030.md
E:\Developer-Toolbox-by-WangDadi\champions-sp-calc\manual\es\CHA_001.md
E:\Developer-Toolbox-by-WangDadi\champions-sp-calc\manual\es\CHA_002.md
E:\Developer-Toolbox-by-WangDadi\champions-sp-calc\manual\es\CHA_007.md
E:\Developer-Toolbox-by-WangDadi\champions-sp-calc\manual\es\CHA_008.md
E:\Developer-Toolbox-by-WangDadi\champions-sp-calc\manual\es\CHA_009.md
E:\Developer-Toolbox-by-WangDadi\champions-sp-calc\manual\es\CHA_011.md
E:\Developer-Toolbox-by-WangDadi\champions-sp-calc\manual\es\CHA_013.md
E:\Developer-Toolbox-by-WangDadi\champions-sp-calc\manual\es\CHA_014.md
E:\Developer-Toolbox-by-WangDadi\champions-sp-calc\manual\es\CHA_015.md
E:\Developer-Toolbox-by-WangDadi\champions-sp-calc\manual\es\CHA_016.md
E:\Developer-Toolbox-by-WangDadi\champions-sp-calc\manual\es\CHA_018.md
E:\Developer-Toolbox-by-WangDadi\champions-sp-calc\manual\es\CHA_020.md
E:\Developer-Toolbox-by-WangDadi\champions-sp-calc\manual\es\CHA_022.md
E:\Developer-Toolbox-by-WangDadi\champions-sp-calc\manual\es\CHA_023.md
E:\Developer-Toolbox-by-WangDadi\champions-sp-calc\manual\es\CHA_024.md
E:\Developer-Toolbox-by-WangDadi\champions-sp-calc\manual\es\CHA_025.md
E:\Developer-Toolbox-by-WangDadi\champions-sp-calc\manual\es\CHA_026.md
E:\Developer-Toolbox-by-WangDadi\champions-sp-calc\manual\es\CHA_027.md
E:\Developer-Toolbox-by-WangDadi\champions-sp-calc\manual\es\CHA_029.md
E:\Developer-Toolbox-by-WangDadi\chapterpredictor\manual\CHA_001.md
E:\Developer-Toolbox-by-WangDadi\chapterpredictor\manual\CHA_003.md
E:\Developer-Toolbox-by-WangDadi\chapterpredictor\manual\CHA_004.md
E:\Developer-Toolbox-by-WangDadi\chapterpredictor\manual\CHA_006.md
E:\Developer-Toolbox-by-WangDadi\chapterpredictor\manual\CHA_007.md
E:\Developer-Toolbox-by-WangDadi\chapterpredictor\manual\CHA_010.md
E:\Developer-Toolbox-by-WangDadi\chapterpredictor\manual\CHA_011.md
E:\Developer-Toolbox-by-WangDadi\chapterpredictor\manual\CHA_013.md
E:\Developer-Toolbox-by-WangDadi\chapterpredictor\manual\CHA_015.md
E:\Developer-Toolbox-by-WangDadi\chapterpredictor\manual\CHA_016.md
E:\Developer-Toolbox-by-WangDadi\chapterpredictor\manual\CHA_017.md
E:\Developer-Toolbox-by-WangDadi\chapterpredictor\manual\CHA_018.md
E:\Developer-Toolbox-by-WangDadi\chapterpredictor\manual\CHA_019.md
E:\Developer-Toolbox-by-WangDadi\chapterpredictor\manual\CHA_020.md
E:\Developer-Toolbox-by-WangDadi\chapterpredictor\manual\CHA_027.md
E:\Developer-Toolbox-by-WangDadi\chapterpredictor\manual\CHA_029.md
E:\Developer-Toolbox-by-WangDadi\chapterpredictor\manual\CHA_030.md
E:\Developer-Toolbox-by-WangDadi\chapterpredictor\manual\de\CHA_001.md
E:\Developer-Toolbox-by-WangDadi\chapterpredictor\manual\de\CHA_002.md
E:\Developer-Toolbox-by-WangDadi\chapterpredictor\manual\de\CHA_003.md
E:\Developer-Toolbox-by-WangDadi\chapterpredictor\manual\de\CHA_004.md
E:\Developer-Toolbox-by-WangDadi\chapterpredictor\manual\de\CHA_005.md
E:\Developer-Toolbox-by-WangDadi\chapterpredictor\manual\de\CHA_006.md
E:\Developer-Toolbox-by-WangDadi\chapterpredictor\manual\de\CHA_007.md
E:\Developer-Toolbox-by-WangDadi\chapterpredictor\manual\de\CHA_008.md
E:\Developer-Toolbox-by-WangDadi\chapterpredictor\manual\de\CHA_009.md
E:\Developer-Toolbox-by-WangDadi\chapterpredictor\manual\de\CHA_010.md
E:\Developer-Toolbox-by-WangDadi\chapterpredictor\manual\de\CHA_011.md
E:\Developer-Toolbox-by-WangDadi\chapterpredictor\manual\de\CHA_012.md
E:\Developer-Toolbox-by-WangDadi\chapterpredictor\manual\de\CHA_013.md
E:\Developer-Toolbox-by-WangDadi\chapterpredictor\manual\de\CHA_014.md
E:\Developer-Toolbox-by-WangDadi\chapterpredictor\manual\de\CHA_015.md
E:\Developer-Toolbox-by-WangDadi\chapterpredictor\manual\de\CHA_016.md
E:\Developer-Toolbox-by-WangDadi\chapterpredictor\manual\de\CHA_017.md
E:\Developer-Toolbox-by-WangDadi\chapterpredictor\manual\de\CHA_018.md
E:\Developer-Toolbox-by-WangDadi\chapterpredictor\manual\de\CHA_019.md
E:\Developer-Toolbox-by-WangDadi\chapterpredictor\manual\de\CHA_020.md
E:\Developer-Toolbox-by-WangDadi\chapterpredictor\manual\de\CHA_021.md
E:\Developer-Toolbox-by-WangDadi\chapterpredictor\manual\de\CHA_022.md
E:\Developer-Toolbox-by-WangDadi\chapterpredictor\manual\de\CHA_023.md
E:\Developer-Toolbox-by-WangDadi\chapterpredictor\manual\de\CHA_024.md
E:\Developer-Toolbox-by-WangDadi\chapterpredictor\manual\de\CHA_025.md
E:\Developer-Toolbox-by-WangDadi\chapterpredictor\manual\de\CHA_026.md
E:\Developer-Toolbox-by-WangDadi\chapterpredictor\manual\de\CHA_027.md
E:\Developer-Toolbox-by-WangDadi\chapterpredictor\manual\de\CHA_028.md
E:\Developer-Toolbox-by-WangDadi\chapterpredictor\manual\de\CHA_030.md
E:\Developer-Toolbox-by-WangDadi\chapterpredictor\manual\es\CHA_001.md
E:\Developer-Toolbox-by-WangDadi\chapterpredictor\manual\es\CHA_005.md
E:\Developer-Toolbox-by-WangDadi\chapterpredictor\manual\es\CHA_011.md
E:\Developer-Toolbox-by-WangDadi\chapterpredictor\manual\es\CHA_014.md
E:\Developer-Toolbox-by-WangDadi\chapterpredictor\manual\es\CHA_017.md
E:\Developer-Toolbox-by-WangDadi\chapterpredictor\manual\es\CHA_020.md
E:\Developer-Toolbox-by-WangDadi\chapterpredictor\manual\es\CHA_023.md
E:\Developer-Toolbox-by-WangDadi\chapterpredictor\manual\es\CHA_027.md
E:\Developer-Toolbox-by-WangDadi\chapterpredictor\manual\es\CHA_029.md
E:\Developer-Toolbox-by-WangDadi\chapterpredictor\manual\ja\CHA_001.md
E:\Developer-Toolbox-by-WangDadi\chapterpredictor\manual\ja\CHA_002.md
E:\Developer-Toolbox-by-WangDadi\chapterpredictor\manual\ja\CHA_003.md
E:\Developer-Toolbox-by-WangDadi\chapterpredictor\manual\ja\CHA_004.md
E:\Developer-Toolbox-by-WangDadi\chapterpredictor\manual\ja\CHA_005.md
E:\Developer-Toolbox-by-WangDadi\chapterpredictor\manual\ja\CHA_006.md
E:\Developer-Toolbox-by-WangDadi\chapterpredictor\manual\ja\CHA_007.md
E:\Developer-Toolbox-by-WangDadi\chapterpredictor\manual\ja\CHA_008.md
E:\Developer-Toolbox-by-WangDadi\chapterpredictor\manual\ja\CHA_009.md
E:\Developer-Toolbox-by-WangDadi\chapterpredictor\manual\ja\CHA_010.md
E:\Developer-Toolbox-by-WangDadi\chapterpredictor\manual\ja\CHA_011.md
E:\Developer-Toolbox-by-WangDadi\chapterpredictor\manual\ja\CHA_012.md
E:\Developer-Toolbox-by-WangDadi\chapterpredictor\manual\ja\CHA_013.md
E:\Developer-Toolbox-by-WangDadi\chapterpredictor\manual\ja\CHA_014.md
E:\Developer-Toolbox-by-WangDadi\chapterpredictor\manual\ja\CHA_015.md
E:\Developer-Toolbox-by-WangDadi\chapterpredictor\manual\ja\CHA_016.md
E:\Developer-Toolbox-by-WangDadi\chapterpredictor\manual\ja\CHA_017.md
E:\Developer-Toolbox-by-WangDadi\chapterpredictor\manual\ja\CHA_018.md
E:\Developer-Toolbox-by-WangDadi\chapterpredictor\manual\ja\CHA_019.md
E:\Developer-Toolbox-by-WangDadi\chapterpredictor\manual\ja\CHA_020.md
E:\Developer-Toolbox-by-WangDadi\chapterpredictor\manual\ja\CHA_021.md
E:\Developer-Toolbox-by-WangDadi\chapterpredictor\manual\ja\CHA_022.md
E:\Developer-Toolbox-by-WangDadi\chapterpredictor\manual\ja\CHA_023.md
E:\Developer-Toolbox-by-WangDadi\chapterpredictor\manual\ja\CHA_024.md
E:\Developer-Toolbox-by-WangDadi\chapterpredictor\manual\ja\CHA_025.md
E:\Developer-Toolbox-by-WangDadi\chapterpredictor\manual\ja\CHA_026.md
E:\Developer-Toolbox-by-WangDadi\chapterpredictor\manual\ja\CHA_027.md
E:\Developer-Toolbox-by-WangDadi\chapterpredictor\manual\ja\CHA_028.md
E:\Developer-Toolbox-by-WangDadi\chapterpredictor\manual\ja\CHA_029.md
E:\Developer-Toolbox-by-WangDadi\chapterpredictor\manual\ja\CHA_030.md
E:\Developer-Toolbox-by-WangDadi\cineskin\manual\CIN_001.md
E:\Developer-Toolbox-by-WangDadi\cineskin\manual\CIN_002.md
E:\Developer-Toolbox-by-WangDadi\cineskin\manual\CIN_003.md
E:\Developer-Toolbox-by-WangDadi\cineskin\manual\CIN_006.md
E:\Developer-Toolbox-by-WangDadi\cineskin\manual\CIN_007.md
E:\Developer-Toolbox-by-WangDadi\cineskin\manual\CIN_008.md
E:\Developer-Toolbox-by-WangDadi\cineskin\manual\CIN_009.md
E:\Developer-Toolbox-by-WangDadi\cineskin\manual\CIN_013.md
E:\Developer-Toolbox-by-WangDadi\cineskin\manual\CIN_014.md
E:\Developer-Toolbox-by-WangDadi\cineskin\manual\CIN_015.md
E:\Developer-Toolbox-by-WangDadi\cineskin\manual\CIN_017.md
E:\Developer-Toolbox-by-WangDadi\cineskin\manual\CIN_018.md
E:\Developer-Toolbox-by-WangDadi\cineskin\manual\CIN_019.md
E:\Developer-Toolbox-by-WangDadi\cineskin\manual\CIN_023.md
E:\Developer-Toolbox-by-WangDadi\cineskin\manual\CIN_025.md
E:\Developer-Toolbox-by-WangDadi\cineskin\manual\CIN_027.md
E:\Developer-Toolbox-by-WangDadi\cineskin\manual\CIN_029.md
E:\Developer-Toolbox-by-WangDadi\cineskin\manual\CIN_030.md
E:\Developer-Toolbox-by-WangDadi\cineskin\manual\de\CIN_001.md
E:\Developer-Toolbox-by-WangDadi\cineskin\manual\de\CIN_002.md
E:\Developer-Toolbox-by-WangDadi\cineskin\manual\de\CIN_003.md
E:\Developer-Toolbox-by-WangDadi\cineskin\manual\de\CIN_004.md
E:\Developer-Toolbox-by-WangDadi\cineskin\manual\de\CIN_005.md
E:\Developer-Toolbox-by-WangDadi\cineskin\manual\de\CIN_006.md
E:\Developer-Toolbox-by-WangDadi\cineskin\manual\de\CIN_007.md
E:\Developer-Toolbox-by-WangDadi\cineskin\manual\de\CIN_008.md
E:\Developer-Toolbox-by-WangDadi\cineskin\manual\de\CIN_009.md
E:\Developer-Toolbox-by-WangDadi\cineskin\manual\de\CIN_010.md
E:\Developer-Toolbox-by-WangDadi\cineskin\manual\de\CIN_012.md
E:\Developer-Toolbox-by-WangDadi\cineskin\manual\de\CIN_013.md
E:\Developer-Toolbox-by-WangDadi\cineskin\manual\de\CIN_014.md
E:\Developer-Toolbox-by-WangDadi\cineskin\manual\de\CIN_015.md
E:\Developer-Toolbox-by-WangDadi\cineskin\manual\de\CIN_016.md
E:\Developer-Toolbox-by-WangDadi\cineskin\manual\de\CIN_017.md
E:\Developer-Toolbox-by-WangDadi\cineskin\manual\de\CIN_018.md
E:\Developer-Toolbox-by-WangDadi\cineskin\manual\de\CIN_019.md
E:\Developer-Toolbox-by-WangDadi\cineskin\manual\de\CIN_020.md
E:\Developer-Toolbox-by-WangDadi\cineskin\manual\de\CIN_021.md
E:\Developer-Toolbox-by-WangDadi\cineskin\manual\de\CIN_022.md
E:\Developer-Toolbox-by-WangDadi\cineskin\manual\de\CIN_023.md
E:\Developer-Toolbox-by-WangDadi\cineskin\manual\de\CIN_024.md
E:\Developer-Toolbox-by-WangDadi\cineskin\manual\de\CIN_025.md
E:\Developer-Toolbox-by-WangDadi\cineskin\manual\de\CIN_026.md
E:\Developer-Toolbox-by-WangDadi\cineskin\manual\de\CIN_027.md
E:\Developer-Toolbox-by-WangDadi\cineskin\manual\de\CIN_028.md
E:\Developer-Toolbox-by-WangDadi\cineskin\manual\de\CIN_029.md
E:\Developer-Toolbox-by-WangDadi\cineskin\manual\de\CIN_030.md
E:\Developer-Toolbox-by-WangDadi\cineskin\manual\es\CIN_002.md
E:\Developer-Toolbox-by-WangDadi\cineskin\manual\es\CIN_006.md
E:\Developer-Toolbox-by-WangDadi\cineskin\manual\es\CIN_007.md
E:\Developer-Toolbox-by-WangDadi\cineskin\manual\es\CIN_009.md
E:\Developer-Toolbox-by-WangDadi\cineskin\manual\es\CIN_013.md
E:\Developer-Toolbox-by-WangDadi\cineskin\manual\es\CIN_014.md
E:\Developer-Toolbox-by-WangDadi\cineskin\manual\es\CIN_018.md
E:\Developer-Toolbox-by-WangDadi\cineskin\manual\es\CIN_019.md
E:\Developer-Toolbox-by-WangDadi\cineskin\manual\es\CIN_022.md
E:\Developer-Toolbox-by-WangDadi\cineskin\manual\es\CIN_026.md
E:\Developer-Toolbox-by-WangDadi\cineskin\manual\es\CIN_028.md
E:\Developer-Toolbox-by-WangDadi\cineskin\manual\es\CIN_030.md
E:\Developer-Toolbox-by-WangDadi\cineskin\manual\ja\CIN_001.md
E:\Developer-Toolbox-by-WangDadi\cineskin\manual\ja\CIN_002.md
E:\Developer-Toolbox-by-WangDadi\cineskin\manual\ja\CIN_003.md
E:\Developer-Toolbox-by-WangDadi\cineskin\manual\ja\CIN_004.md
E:\Developer-Toolbox-by-WangDadi\cineskin\manual\ja\CIN_005.md
E:\Developer-Toolbox-by-WangDadi\cineskin\manual\ja\CIN_006.md
E:\Developer-Toolbox-by-WangDadi\cineskin\manual\ja\CIN_007.md
E:\Developer-Toolbox-by-WangDadi\cineskin\manual\ja\CIN_008.md
E:\Developer-Toolbox-by-WangDadi\cineskin\manual\ja\CIN_009.md
E:\Developer-Toolbox-by-WangDadi\cineskin\manual\ja\CIN_010.md
E:\Developer-Toolbox-by-WangDadi\cineskin\manual\ja\CIN_011.md
E:\Developer-Toolbox-by-WangDadi\cineskin\manual\ja\CIN_012.md
E:\Developer-Toolbox-by-WangDadi\cineskin\manual\ja\CIN_013.md
E:\Developer-Toolbox-by-WangDadi\cineskin\manual\ja\CIN_014.md
E:\Developer-Toolbox-by-WangDadi\cineskin\manual\ja\CIN_015.md
E:\Developer-Toolbox-by-WangDadi\cineskin\manual\ja\CIN_016.md
E:\Developer-Toolbox-by-WangDadi\cineskin\manual\ja\CIN_017.md
E:\Developer-Toolbox-by-WangDadi\cineskin\manual\ja\CIN_018.md
E:\Developer-Toolbox-by-WangDadi\cineskin\manual\ja\CIN_019.md
E:\Developer-Toolbox-by-WangDadi\cineskin\manual\ja\CIN_020.md
E:\Developer-Toolbox-by-WangDadi\cineskin\manual\ja\CIN_021.md
E:\Developer-Toolbox-by-WangDadi\cineskin\manual\ja\CIN_022.md
E:\Developer-Toolbox-by-WangDadi\cineskin\manual\ja\CIN_023.md
E:\Developer-Toolbox-by-WangDadi\cineskin\manual\ja\CIN_024.md
E:\Developer-Toolbox-by-WangDadi\cineskin\manual\ja\CIN_025.md
E:\Developer-Toolbox-by-WangDadi\cineskin\manual\ja\CIN_026.md
E:\Developer-Toolbox-by-WangDadi\cineskin\manual\ja\CIN_027.md
E:\Developer-Toolbox-by-WangDadi\cineskin\manual\ja\CIN_028.md
E:\Developer-Toolbox-by-WangDadi\cineskin\manual\ja\CIN_029.md
E:\Developer-Toolbox-by-WangDadi\cineskin\manual\ja\CIN_030.md
E:\Developer-Toolbox-by-WangDadi\cleancsvai\manual\CLE_001.md
E:\Developer-Toolbox-by-WangDadi\cleancsvai\manual\CLE_002.md
E:\Developer-Toolbox-by-WangDadi\cleancsvai\manual\CLE_003.md
E:\Developer-Toolbox-by-WangDadi\cleancsvai\manual\CLE_005.md
E:\Developer-Toolbox-by-WangDadi\cleancsvai\manual\CLE_006.md
E:\Developer-Toolbox-by-WangDadi\cleancsvai\manual\CLE_009.md
E:\Developer-Toolbox-by-WangDadi\cleancsvai\manual\CLE_011.md
E:\Developer-Toolbox-by-WangDadi\cleancsvai\manual\CLE_012.md
E:\Developer-Toolbox-by-WangDadi\cleancsvai\manual\CLE_013.md
E:\Developer-Toolbox-by-WangDadi\cleancsvai\manual\CLE_014.md
E:\Developer-Toolbox-by-WangDadi\cleancsvai\manual\CLE_015.md
E:\Developer-Toolbox-by-WangDadi\cleancsvai\manual\CLE_016.md
E:\Developer-Toolbox-by-WangDadi\cleancsvai\manual\CLE_017.md
E:\Developer-Toolbox-by-WangDadi\cleancsvai\manual\CLE_018.md
E:\Developer-Toolbox-by-WangDadi\cleancsvai\manual\CLE_019.md
E:\Developer-Toolbox-by-WangDadi\cleancsvai\manual\CLE_020.md
E:\Developer-Toolbox-by-WangDadi\cleancsvai\manual\CLE_021.md
E:\Developer-Toolbox-by-WangDadi\cleancsvai\manual\CLE_023.md
E:\Developer-Toolbox-by-WangDadi\cleancsvai\manual\CLE_025.md
E:\Developer-Toolbox-by-WangDadi\cleancsvai\manual\CLE_026.md
E:\Developer-Toolbox-by-WangDadi\cleancsvai\manual\CLE_028.md
E:\Developer-Toolbox-by-WangDadi\cleancsvai\manual\CLE_029.md
E:\Developer-Toolbox-by-WangDadi\cleancsvai\manual\CLE_030.md
E:\Developer-Toolbox-by-WangDadi\cleancsvai\manual\de\CLE_001.md
E:\Developer-Toolbox-by-WangDadi\cleancsvai\manual\de\CLE_002.md
E:\Developer-Toolbox-by-WangDadi\cleancsvai\manual\de\CLE_003.md
E:\Developer-Toolbox-by-WangDadi\cleancsvai\manual\de\CLE_004.md
E:\Developer-Toolbox-by-WangDadi\cleancsvai\manual\de\CLE_005.md
E:\Developer-Toolbox-by-WangDadi\cleancsvai\manual\de\CLE_006.md
E:\Developer-Toolbox-by-WangDadi\cleancsvai\manual\de\CLE_007.md
E:\Developer-Toolbox-by-WangDadi\cleancsvai\manual\de\CLE_007.md
E:\Developer-Toolbox-by-WangDadi\cleancsvai\manual\de\CLE_008.md
E:\Developer-Toolbox-by-WangDadi\cleancsvai\manual\de\CLE_008.md
E:\Developer-Toolbox-by-WangDadi\cleancsvai\manual\de\CLE_009.md
E:\Developer-Toolbox-by-WangDadi\cleancsvai\manual\de\CLE_009.md
E:\Developer-Toolbox-by-WangDadi\cleancsvai\manual\de\CLE_010.md
