JA Surgical Clean Log
============================================================

SUCCESS: E:\Developer-Toolbox-by-WangDadi\agents\manual\ja\AGE_002.md
SUCCESS: E:\Developer-Toolbox-by-WangDadi\agents-clean\manual\ja\AGE_010.md
SUCCESS: E:\Developer-Toolbox-by-WangDadi\artemisreentry\manual\ja\ART_026.md
SUCCESS: E:\Developer-Toolbox-by-WangDadi\autotask\manual\ja\AUT_003.md
SUCCESS: E:\Developer-Toolbox-by-WangDadi\autotask\manual\ja\AUT_020.md
SUCCESS: E:\Developer-Toolbox-by-WangDadi\bbb26dramapredictor\manual\ja\BBB_020.md
SUCCESS: E:\Developer-Toolbox-by-WangDadi\bbb26dramapredictor\manual\ja\BBB_021.md
SUCCESS: E:\Developer-Toolbox-by-WangDadi\bbb26dramapredictor\manual\ja\BBB_022.md
SUCCESS: E:\Developer-Toolbox-by-WangDadi\bbb26dramapredictor\manual\ja\BBB_023.md
SUCCESS: E:\Developer-Toolbox-by-WangDadi\bbb26dramapredictor\manual\ja\BBB_024.md
SUCCESS: E:\Developer-Toolbox-by-WangDadi\bbb26dramapredictor\manual\ja\BBB_025.md
SUCCESS: E:\Developer-Toolbox-by-WangDadi\bbb26dramapredictor\manual\ja\BBB_026.md
SUCCESS: E:\Developer-Toolbox-by-WangDadi\bbb26dramapredictor\manual\ja\BBB_027.md
SUCCESS: E:\Developer-Toolbox-by-WangDadi\bbb26dramapredictor\manual\ja\BBB_028.md
SUCCESS: E:\Developer-Toolbox-by-WangDadi\bbb26dramapredictor\manual\ja\BBB_029.md
SUCCESS: E:\Developer-Toolbox-by-WangDadi\bbb26dramapredictor\manual\ja\BBB_030.md
SUCCESS: E:\Developer-Toolbox-by-WangDadi\billripper\manual\ja\BIL_001.md
SUCCESS: E:\Developer-Toolbox-by-WangDadi\billripper\manual\ja\BIL_002.md
SUCCESS: E:\Developer-Toolbox-by-WangDadi\billripper\manual\ja\BIL_003.md
SUCCESS: E:\Developer-Toolbox-by-WangDadi\billripper\manual\ja\BIL_004.md
SUCCESS: E:\Developer-Toolbox-by-WangDadi\billripper\manual\ja\BIL_005.md
SUCCESS: E:\Developer-Toolbox-by-WangDadi\billripper\manual\ja\BIL_006.md
SUCCESS: E:\Developer-Toolbox-by-WangDadi\billripper\manual\ja\BIL_007.md
SUCCESS: E:\Developer-Toolbox-by-WangDadi\billripper\manual\ja\BIL_008.md
SUCCESS: E:\Developer-Toolbox-by-WangDadi\billripper\manual\ja\BIL_009.md
SUCCESS: E:\Developer-Toolbox-by-WangDadi\billripper\manual\ja\BIL_010.md
SUCCESS: E:\Developer-Toolbox-by-WangDadi\billripper\manual\ja\BIL_011.md
SUCCESS: E:\Developer-Toolbox-by-WangDadi\billripper\manual\ja\BIL_012.md
SUCCESS: E:\Developer-Toolbox-by-WangDadi\billripper\manual\ja\BIL_013.md
SUCCESS: E:\Developer-Toolbox-by-WangDadi\billripper\manual\ja\BIL_014.md
SUCCESS: E:\Developer-Toolbox-by-WangDadi\billripper\manual\ja\BIL_015.md
SUCCESS: E:\Developer-Toolbox-by-WangDadi\billripper\manual\ja\BIL_016.md
SUCCESS: E:\Developer-Toolbox-by-WangDadi\billripper\manual\ja\BIL_017.md
SUCCESS: E:\Developer-Toolbox-by-WangDadi\billripper\manual\ja\BIL_018.md
SUCCESS: E:\Developer-Toolbox-by-WangDadi\billripper\manual\ja\BIL_019.md
SUCCESS: E:\Developer-Toolbox-by-WangDadi\billripper\manual\ja\BIL_020.md
SUCCESS: E:\Developer-Toolbox-by-WangDadi\billripper\manual\ja\BIL_021.md
SUCCESS: E:\Developer-Toolbox-by-WangDadi\billripper\manual\ja\BIL_022.md
SUCCESS: E:\Developer-Toolbox-by-WangDadi\billripper\manual\ja\BIL_023.md
SUCCESS: E:\Developer-Toolbox-by-WangDadi\billripper\manual\ja\BIL_024.md
SUCCESS: E:\Developer-Toolbox-by-WangDadi\billripper\manual\ja\BIL_025.md
SUCCESS: E:\Developer-Toolbox-by-WangDadi\billripper\manual\ja\BIL_026.md
SUCCESS: E:\Developer-Toolbox-by-WangDadi\billripper\manual\ja\BIL_027.md
SUCCESS: E:\Developer-Toolbox-by-WangDadi\billripper\manual\ja\BIL_028.md
SUCCESS: E:\Developer-Toolbox-by-WangDadi\billripper\manual\ja\BIL_029.md
SUCCESS: E:\Developer-Toolbox-by-WangDadi\billripper\manual\ja\BIL_030.md
SUCCESS: E:\Developer-Toolbox-by-WangDadi\boothell\manual\ja\BOO_001.md
SUCCESS: E:\Developer-Toolbox-by-WangDadi\boothell\manual\ja\BOO_002.md
SUCCESS: E:\Developer-Toolbox-by-WangDadi\boothell\manual\ja\BOO_003.md
SUCCESS: E:\Developer-Toolbox-by-WangDadi\boothell\manual\ja\BOO_004.md
SUCCESS: E:\Developer-Toolbox-by-WangDadi\boothell\manual\ja\BOO_005.md
SUCCESS: E:\Developer-Toolbox-by-WangDadi\boothell\manual\ja\BOO_006.md
SUCCESS: E:\Developer-Toolbox-by-WangDadi\boothell\manual\ja\BOO_007.md
SUCCESS: E:\Developer-Toolbox-by-WangDadi\boothell\manual\ja\BOO_008.md
SUCCESS: E:\Developer-Toolbox-by-WangDadi\boothell\manual\ja\BOO_009.md
SUCCESS: E:\Developer-Toolbox-by-WangDadi\boothell\manual\ja\BOO_010.md
SUCCESS: E:\Developer-Toolbox-by-WangDadi\boothell\manual\ja\BOO_011.md
SUCCESS: E:\Developer-Toolbox-by-WangDadi\boothell\manual\ja\BOO_012.md
SUCCESS: E:\Developer-Toolbox-by-WangDadi\boothell\manual\ja\BOO_014.md
SUCCESS: E:\Developer-Toolbox-by-WangDadi\boothell\manual\ja\BOO_015.md
SUCCESS: E:\Developer-Toolbox-by-WangDadi\boothell\manual\ja\BOO_016.md
SUCCESS: E:\Developer-Toolbox-by-WangDadi\boothell\manual\ja\BOO_017.md
SUCCESS: E:\Developer-Toolbox-by-WangDadi\boothell\manual\ja\BOO_018.md
SUCCESS: E:\Developer-Toolbox-by-WangDadi\boothell\manual\ja\BOO_019.md
SUCCESS: E:\Developer-Toolbox-by-WangDadi\boothell\manual\ja\BOO_020.md
SUCCESS: E:\Developer-Toolbox-by-WangDadi\boothell\manual\ja\BOO_021.md
SUCCESS: E:\Developer-Toolbox-by-WangDadi\boothell\manual\ja\BOO_022.md
SUCCESS: E:\Developer-Toolbox-by-WangDadi\boothell\manual\ja\BOO_023.md
SUCCESS: E:\Developer-Toolbox-by-WangDadi\boothell\manual\ja\BOO_024.md
SUCCESS: E:\Developer-Toolbox-by-WangDadi\boothell\manual\ja\BOO_025.md
SUCCESS: E:\Developer-Toolbox-by-WangDadi\boothell\manual\ja\BOO_026.md
SUCCESS: E:\Developer-Toolbox-by-WangDadi\boothell\manual\ja\BOO_027.md
SUCCESS: E:\Developer-Toolbox-by-WangDadi\boothell\manual\ja\BOO_028.md
SUCCESS: E:\Developer-Toolbox-by-WangDadi\boothell\manual\ja\BOO_029.md
SUCCESS: E:\Developer-Toolbox-by-WangDadi\boothell\manual\ja\BOO_030.md
SUCCESS: E:\Developer-Toolbox-by-WangDadi\brainbridge\manual\ja\BRA_001.md
SUCCESS: E:\Developer-Toolbox-by-WangDadi\brainbridge\manual\ja\BRA_002.md
SUCCESS: E:\Developer-Toolbox-by-WangDadi\brainbridge\manual\ja\BRA_003.md
SUCCESS: E:\Developer-Toolbox-by-WangDadi\brainbridge\manual\ja\BRA_004.md
SUCCESS: E:\Developer-Toolbox-by-WangDadi\brainbridge\manual\ja\BRA_005.md
SUCCESS: E:\Developer-Toolbox-by-WangDadi\brainbridge\manual\ja\BRA_006.md
SUCCESS: E:\Developer-Toolbox-by-WangDadi\brainbridge\manual\ja\BRA_007.md
SUCCESS: E:\Developer-Toolbox-by-WangDadi\brainbridge\manual\ja\BRA_008.md
SUCCESS: E:\Developer-Toolbox-by-WangDadi\brainbridge\manual\ja\BRA_009.md
SUCCESS: E:\Developer-Toolbox-by-WangDadi\brainbridge\manual\ja\BRA_010.md
SUCCESS: E:\Developer-Toolbox-by-WangDadi\brainbridge\manual\ja\BRA_012.md
SUCCESS: E:\Developer-Toolbox-by-WangDadi\brainbridge\manual\ja\BRA_013.md
SUCCESS: E:\Developer-Toolbox-by-WangDadi\brainbridge\manual\ja\BRA_014.md
SUCCESS: E:\Developer-Toolbox-by-WangDadi\brainbridge\manual\ja\BRA_015.md
SUCCESS: E:\Developer-Toolbox-by-WangDadi\brainbridge\manual\ja\BRA_016.md
SUCCESS: E:\Developer-Toolbox-by-WangDadi\brainbridge\manual\ja\BRA_017.md
SUCCESS: E:\Developer-Toolbox-by-WangDadi\brainbridge\manual\ja\BRA_018.md
SUCCESS: E:\Developer-Toolbox-by-WangDadi\brainbridge\manual\ja\BRA_019.md
SUCCESS: E:\Developer-Toolbox-by-WangDadi\brainbridge\manual\ja\BRA_020.md
SUCCESS: E:\Developer-Toolbox-by-WangDadi\brainbridge\manual\ja\BRA_021.md
SUCCESS: E:\Developer-Toolbox-by-WangDadi\brainbridge\manual\ja\BRA_022.md
SUCCESS: E:\Developer-Toolbox-by-WangDadi\brainbridge\manual\ja\BRA_023.md
SUCCESS: E:\Developer-Toolbox-by-WangDadi\brainbridge\manual\ja\BRA_025.md
SUCCESS: E:\Developer-Toolbox-by-WangDadi\brainbridge\manual\ja\BRA_026.md
SUCCESS: E:\Developer-Toolbox-by-WangDadi\brainbridge\manual\ja\BRA_027.md
SUCCESS: E:\Developer-Toolbox-by-WangDadi\brainbridge\manual\ja\BRA_028.md
SUCCESS: E:\Developer-Toolbox-by-WangDadi\brainbridge\manual\ja\BRA_029.md
SUCCESS: E:\Developer-Toolbox-by-WangDadi\brainbridge\manual\ja\BRA_030.md
SUCCESS: E:\Developer-Toolbox-by-WangDadi\capsule-factory-saas\manual\ja\CAP_001.md
SUCCESS: E:\Developer-Toolbox-by-WangDadi\capsule-factory-saas\manual\ja\CAP_002.md
SUCCESS: E:\Developer-Toolbox-by-WangDadi\capsule-factory-saas\manual\ja\CAP_003.md
SUCCESS: E:\Developer-Toolbox-by-WangDadi\capsule-factory-saas\manual\ja\CAP_004.md
SUCCESS: E:\Developer-Toolbox-by-WangDadi\capsule-factory-saas\manual\ja\CAP_006.md
SUCCESS: E:\Developer-Toolbox-by-WangDadi\capsule-factory-saas\manual\ja\CAP_007.md
SUCCESS: E:\Developer-Toolbox-by-WangDadi\capsule-factory-saas\manual\ja\CAP_008.md
SUCCESS: E:\Developer-Toolbox-by-WangDadi\capsule-factory-saas\manual\ja\CAP_009.md
SUCCESS: E:\Developer-Toolbox-by-WangDadi\capsule-factory-saas\manual\ja\CAP_010.md
SUCCESS: E:\Developer-Toolbox-by-WangDadi\capsule-factory-saas\manual\ja\CAP_011.md
SUCCESS: E:\Developer-Toolbox-by-WangDadi\capsule-factory-saas\manual\ja\CAP_012.md
SUCCESS: E:\Developer-Toolbox-by-WangDadi\capsule-factory-saas\manual\ja\CAP_013.md
SUCCESS: E:\Developer-Toolbox-by-WangDadi\capsule-factory-saas\manual\ja\CAP_015.md
SUCCESS: E:\Developer-Toolbox-by-WangDadi\capsule-factory-saas\manual\ja\CAP_016.md
SUCCESS: E:\Developer-Toolbox-by-WangDadi\capsule-factory-saas\manual\ja\CAP_017.md
SUCCESS: E:\Developer-Toolbox-by-WangDadi\capsule-factory-saas\manual\ja\CAP_018.md
SUCCESS: E:\Developer-Toolbox-by-WangDadi\capsule-factory-saas\manual\ja\CAP_019.md
SUCCESS: E:\Developer-Toolbox-by-WangDadi\capsule-factory-saas\manual\ja\CAP_020.md
SUCCESS: E:\Developer-Toolbox-by-WangDadi\capsule-factory-saas\manual\ja\CAP_021.md
SUCCESS: E:\Developer-Toolbox-by-WangDadi\capsule-factory-saas\manual\ja\CAP_022.md
SUCCESS: E:\Developer-Toolbox-by-WangDadi\capsule-factory-saas\manual\ja\CAP_023.md
SUCCESS: E:\Developer-Toolbox-by-WangDadi\capsule-factory-saas\manual\ja\CAP_024.md
SUCCESS: E:\Developer-Toolbox-by-WangDadi\capsule-factory-saas\manual\ja\CAP_025.md
SUCCESS: E:\Developer-Toolbox-by-WangDadi\capsule-factory-saas\manual\ja\CAP_026.md
SUCCESS: E:\Developer-Toolbox-by-WangDadi\capsule-factory-saas\manual\ja\CAP_027.md
SUCCESS: E:\Developer-Toolbox-by-WangDadi\capsule-factory-saas\manual\ja\CAP_028.md
SUCCESS: E:\Developer-Toolbox-by-WangDadi\capsule-factory-saas\manual\ja\CAP_029.md
SUCCESS: E:\Developer-Toolbox-by-WangDadi\capsule-factory-saas\manual\ja\CAP_030.md
SUCCESS: E:\Developer-Toolbox-by-WangDadi\chapterpredictor\manual\ja\CHA_001.md
SUCCESS: E:\Developer-Toolbox-by-WangDadi\chapterpredictor\manual\ja\CHA_002.md
SUCCESS: E:\Developer-Toolbox-by-WangDadi\chapterpredictor\manual\ja\CHA_003.md
SUCCESS: E:\Developer-Toolbox-by-WangDadi\chapterpredictor\manual\ja\CHA_004.md
SUCCESS: E:\Developer-Toolbox-by-WangDadi\chapterpredictor\manual\ja\CHA_005.md
SUCCESS: E:\Developer-Toolbox-by-WangDadi\chapterpredictor\manual\ja\CHA_006.md
SUCCESS: E:\Developer-Toolbox-by-WangDadi\chapterpredictor\manual\ja\CHA_007.md
SUCCESS: E:\Developer-Toolbox-by-WangDadi\chapterpredictor\manual\ja\CHA_008.md
SUCCESS: E:\Developer-Toolbox-by-WangDadi\chapterpredictor\manual\ja\CHA_009.md
SUCCESS: E:\Developer-Toolbox-by-WangDadi\chapterpredictor\manual\ja\CHA_010.md
SUCCESS: E:\Developer-Toolbox-by-WangDadi\chapterpredictor\manual\ja\CHA_011.md
SUCCESS: E:\Developer-Toolbox-by-WangDadi\chapterpredictor\manual\ja\CHA_012.md
SUCCESS: E:\Developer-Toolbox-by-WangDadi\chapterpredictor\manual\ja\CHA_013.md
SUCCESS: E:\Developer-Toolbox-by-WangDadi\chapterpredictor\manual\ja\CHA_014.md
SUCCESS: E:\Developer-Toolbox-by-WangDadi\chapterpredictor\manual\ja\CHA_015.md
SUCCESS: E:\Developer-Toolbox-by-WangDadi\chapterpredictor\manual\ja\CHA_016.md
SUCCESS: E:\Developer-Toolbox-by-WangDadi\chapterpredictor\manual\ja\CHA_017.md
SUCCESS: E:\Developer-Toolbox-by-WangDadi\chapterpredictor\manual\ja\CHA_018.md
SUCCESS: E:\Developer-Toolbox-by-WangDadi\chapterpredictor\manual\ja\CHA_019.md
SUCCESS: E:\Developer-Toolbox-by-WangDadi\chapterpredictor\manual\ja\CHA_020.md
SUCCESS: E:\Developer-Toolbox-by-WangDadi\chapterpredictor\manual\ja\CHA_021.md
SUCCESS: E:\Developer-Toolbox-by-WangDadi\chapterpredictor\manual\ja\CHA_022.md
SUCCESS: E:\Developer-Toolbox-by-WangDadi\chapterpredictor\manual\ja\CHA_023.md
SUCCESS: E:\Developer-Toolbox-by-WangDadi\chapterpredictor\manual\ja\CHA_024.md
SUCCESS: E:\Developer-Toolbox-by-WangDadi\chapterpredictor\manual\ja\CHA_025.md
SUCCESS: E:\Developer-Toolbox-by-WangDadi\chapterpredictor\manual\ja\CHA_026.md
SUCCESS: E:\Developer-Toolbox-by-WangDadi\chapterpredictor\manual\ja\CHA_027.md
SUCCESS: E:\Developer-Toolbox-by-WangDadi\chapterpredictor\manual\ja\CHA_028.md
SUCCESS: E:\Developer-Toolbox-by-WangDadi\chapterpredictor\manual\ja\CHA_029.md
SUCCESS: E:\Developer-Toolbox-by-WangDadi\chapterpredictor\manual\ja\CHA_030.md
SUCCESS: E:\Developer-Toolbox-by-WangDadi\cineskin\manual\ja\CIN_001.md
SUCCESS: E:\Developer-Toolbox-by-WangDadi\cineskin\manual\ja\CIN_002.md
SUCCESS: E:\Developer-Toolbox-by-WangDadi\cineskin\manual\ja\CIN_003.md
SUCCESS: E:\Developer-Toolbox-by-WangDadi\cineskin\manual\ja\CIN_004.md
SUCCESS: E:\Developer-Toolbox-by-WangDadi\cineskin\manual\ja\CIN_005.md
SUCCESS: E:\Developer-Toolbox-by-WangDadi\cineskin\manual\ja\CIN_006.md
SUCCESS: E:\Developer-Toolbox-by-WangDadi\cineskin\manual\ja\CIN_007.md
SUCCESS: E:\Developer-Toolbox-by-WangDadi\cineskin\manual\ja\CIN_008.md
SUCCESS: E:\Developer-Toolbox-by-WangDadi\cineskin\manual\ja\CIN_009.md
SUCCESS: E:\Developer-Toolbox-by-WangDadi\cineskin\manual\ja\CIN_010.md
SUCCESS: E:\Developer-Toolbox-by-WangDadi\cineskin\manual\ja\CIN_011.md
SUCCESS: E:\Developer-Toolbox-by-WangDadi\cineskin\manual\ja\CIN_012.md
SUCCESS: E:\Developer-Toolbox-by-WangDadi\cineskin\manual\ja\CIN_013.md
SUCCESS: E:\Developer-Toolbox-by-WangDadi\cineskin\manual\ja\CIN_014.md
SUCCESS: E:\Developer-Toolbox-by-WangDadi\cineskin\manual\ja\CIN_015.md
SUCCESS: E:\Developer-Toolbox-by-WangDadi\cineskin\manual\ja\CIN_016.md
SUCCESS: E:\Developer-Toolbox-by-WangDadi\cineskin\manual\ja\CIN_017.md
SUCCESS: E:\Developer-Toolbox-by-WangDadi\cineskin\manual\ja\CIN_018.md
SUCCESS: E:\Developer-Toolbox-by-WangDadi\cineskin\manual\ja\CIN_019.md
SUCCESS: E:\Developer-Toolbox-by-WangDadi\cineskin\manual\ja\CIN_020.md
SUCCESS: E:\Developer-Toolbox-by-WangDadi\cineskin\manual\ja\CIN_021.md
SUCCESS: E:\Developer-Toolbox-by-WangDadi\cineskin\manual\ja\CIN_022.md
SUCCESS: E:\Developer-Toolbox-by-WangDadi\cineskin\manual\ja\CIN_023.md
SUCCESS: E:\Developer-Toolbox-by-WangDadi\cineskin\manual\ja\CIN_024.md
SUCCESS: E:\Developer-Toolbox-by-WangDadi\cineskin\manual\ja\CIN_025.md
SUCCESS: E:\Developer-Toolbox-by-WangDadi\cineskin\manual\ja\CIN_026.md
SUCCESS: E:\Developer-Toolbox-by-WangDadi\cineskin\manual\ja\CIN_027.md
SUCCESS: E:\Developer-Toolbox-by-WangDadi\cineskin\manual\ja\CIN_028.md
SUCCESS: E:\Developer-Toolbox-by-WangDadi\cineskin\manual\ja\CIN_029.md
SUCCESS: E:\Developer-Toolbox-by-WangDadi\cineskin\manual\ja\CIN_030.md
SUCCESS: E:\Developer-Toolbox-by-WangDadi\cleancsvai\manual\ja\CLE_001.md
SUCCESS: E:\Developer-Toolbox-by-WangDadi\cleancsvai\manual\ja\CLE_002.md
SUCCESS: E:\Developer-Toolbox-by-WangDadi\cleancsvai\manual\ja\CLE_003.md
SUCCESS: E:\Developer-Toolbox-by-WangDadi\cleancsvai\manual\ja\CLE_004.md
SUCCESS: E:\Developer-Toolbox-by-WangDadi\cleancsvai\manual\ja\CLE_005.md
SUCCESS: E:\Developer-Toolbox-by-WangDadi\cleancsvai\manual\ja\CLE_006.md
SUCCESS: E:\Developer-Toolbox-by-WangDadi\cleancsvai\manual\ja\CLE_007.md
SUCCESS: E:\Developer-Toolbox-by-WangDadi\cleancsvai\manual\ja\CLE_008.md
SUCCESS: E:\Developer-Toolbox-by-WangDadi\cleancsvai\manual\ja\CLE_009.md
SUCCESS: E:\Developer-Toolbox-by-WangDadi\cleancsvai\manual\ja\CLE_010.md
SUCCESS: E:\Developer-Toolbox-by-WangDadi\cleancsvai\manual\ja\CLE_011.md
SUCCESS: E:\Developer-Toolbox-by-WangDadi\cleancsvai\manual\ja\CLE_012.md
SUCCESS: E:\Developer-Toolbox-by-WangDadi\cleancsvai\manual\ja\CLE_013.md
SUCCESS: E:\Developer-Toolbox-by-WangDadi\cleancsvai\manual\ja\CLE_014.md
SUCCESS: E:\Developer-Toolbox-by-WangDadi\cleancsvai\manual\ja\CLE_015.md
SUCCESS: E:\Developer-Toolbox-by-WangDadi\cleancsvai\manual\ja\CLE_016.md
SUCCESS: E:\Developer-Toolbox-by-WangDadi\cleancsvai\manual\ja\CLE_017.md
SUCCESS: E:\Developer-Toolbox-by-WangDadi\cleancsvai\manual\ja\CLE_018.md
SUCCESS: E:\Developer-Toolbox-by-WangDadi\cleancsvai\manual\ja\CLE_019.md
SUCCESS: E:\Developer-Toolbox-by-WangDadi\cleancsvai\manual\ja\CLE_020.md
SUCCESS: E:\Developer-Toolbox-by-WangDadi\cleancsvai\manual\ja\CLE_021.md
SUCCESS: E:\Developer-Toolbox-by-WangDadi\cleancsvai\manual\ja\CLE_022.md
SUCCESS: E:\Developer-Toolbox-by-WangDadi\cleancsvai\manual\ja\CLE_023.md
SUCCESS: E:\Developer-Toolbox-by-WangDadi\cleancsvai\manual\ja\CLE_024.md
SUCCESS: E:\Developer-Toolbox-by-WangDadi\cleancsvai\manual\ja\CLE_025.md
SUCCESS: E:\Developer-Toolbox-by-WangDadi\cleancsvai\manual\ja\CLE_026.md
SUCCESS: E:\Developer-Toolbox-by-WangDadi\cleancsvai\manual\ja\CLE_027.md
SUCCESS: E:\Developer-Toolbox-by-WangDadi\cleancsvai\manual\ja\CLE_028.md
SUCCESS: E:\Developer-Toolbox-by-WangDadi\cleancsvai\manual\ja\CLE_029.md
SUCCESS: E:\Developer-Toolbox-by-WangDadi\cleancsvai\manual\ja\CLE_030.md
SUCCESS: E:\Developer-Toolbox-by-WangDadi\coachellaviral\manual\ja\COA_001.md
SUCCESS: E:\Developer-Toolbox-by-WangDadi\coachellaviral\manual\ja\COA_002.md
SUCCESS: E:\Developer-Toolbox-by-WangDadi\coachellaviral\manual\ja\COA_003.md
SUCCESS: E:\Developer-Toolbox-by-WangDadi\coachellaviral\manual\ja\COA_004.md
SUCCESS: E:\Developer-Toolbox-by-WangDadi\coachellaviral\manual\ja\COA_005.md
SUCCESS: E:\Developer-Toolbox-by-WangDadi\coachellaviral\manual\ja\COA_006.md
SUCCESS: E:\Developer-Toolbox-by-WangDadi\coachellaviral\manual\ja\COA_007.md
SUCCESS: E:\Developer-Toolbox-by-WangDadi\coachellaviral\manual\ja\COA_008.md
SUCCESS: E:\Developer-Toolbox-by-WangDadi\coachellaviral\manual\ja\COA_009.md
SUCCESS: E:\Developer-Toolbox-by-WangDadi\coachellaviral\manual\ja\COA_010.md
SUCCESS: E:\Developer-Toolbox-by-WangDadi\coachellaviral\manual\ja\COA_011.md
SUCCESS: E:\Developer-Toolbox-by-WangDadi\coachellaviral\manual\ja\COA_012.md
SUCCESS: E:\Developer-Toolbox-by-WangDadi\coachellaviral\manual\ja\COA_013.md
SUCCESS: E:\Developer-Toolbox-by-WangDadi\coachellaviral\manual\ja\COA_014.md
SUCCESS: E:\Developer-Toolbox-by-WangDadi\coachellaviral\manual\ja\COA_015.md
SUCCESS: E:\Developer-Toolbox-by-WangDadi\coachellaviral\manual\ja\COA_016.md
SUCCESS: E:\Developer-Toolbox-by-WangDadi\coachellaviral\manual\ja\COA_017.md
SUCCESS: E:\Developer-Toolbox-by-WangDadi\coachellaviral\manual\ja\COA_018.md
SUCCESS: E:\Developer-Toolbox-by-WangDadi\coachellaviral\manual\ja\COA_019.md
SUCCESS: E:\Developer-Toolbox-by-WangDadi\coachellaviral\manual\ja\COA_020.md
SUCCESS: E:\Developer-Toolbox-by-WangDadi\coachellaviral\manual\ja\COA_021.md
SUCCESS: E:\Developer-Toolbox-by-WangDadi\coachellaviral\manual\ja\COA_022.md
SUCCESS: E:\Developer-Toolbox-by-WangDadi\coachellaviral\manual\ja\COA_023.md
SUCCESS: E:\Developer-Toolbox-by-WangDadi\coachellaviral\manual\ja\COA_024.md
SUCCESS: E:\Developer-Toolbox-by-WangDadi\coachellaviral\manual\ja\COA_025.md
SUCCESS: E:\Developer-Toolbox-by-WangDadi\coachellaviral\manual\ja\COA_026.md
SUCCESS: E:\Developer-Toolbox-by-WangDadi\coachellaviral\manual\ja\COA_027.md
SUCCESS: E:\Developer-Toolbox-by-WangDadi\coachellaviral\manual\ja\COA_028.md
SUCCESS: E:\Developer-Toolbox-by-WangDadi\coachellaviral\manual\ja\COA_029.md
SUCCESS: E:\Developer-Toolbox-by-WangDadi\coachellaviral\manual\ja\COA_030.md
SUCCESS: E:\Developer-Toolbox-by-WangDadi\contextlock\manual\ja\CON_002.md
SUCCESS: E:\Developer-Toolbox-by-WangDadi\contextlock\manual\ja\CON_003.md
SUCCESS: E:\Developer-Toolbox-by-WangDadi\contextlock\manual\ja\CON_004.md
SUCCESS: E:\Developer-Toolbox-by-WangDadi\contextlock\manual\ja\CON_005.md
SUCCESS: E:\Developer-Toolbox-by-WangDadi\contextlock\manual\ja\CON_006.md
SUCCESS: E:\Developer-Toolbox-by-WangDadi\contextlock\manual\ja\CON_007.md
SUCCESS: E:\Developer-Toolbox-by-WangDadi\contextlock\manual\ja\CON_008.md
SUCCESS: E:\Developer-Toolbox-by-WangDadi\contextlock\manual\ja\CON_009.md
SUCCESS: E:\Developer-Toolbox-by-WangDadi\contextlock\manual\ja\CON_010.md
SUCCESS: E:\Developer-Toolbox-by-WangDadi\contextlock\manual\ja\CON_011.md
SUCCESS: E:\Developer-Toolbox-by-WangDadi\contextlock\manual\ja\CON_012.md
SUCCESS: E:\Developer-Toolbox-by-WangDadi\contextlock\manual\ja\CON_013.md
SUCCESS: E:\Developer-Toolbox-by-WangDadi\contextlock\manual\ja\CON_014.md
SUCCESS: E:\Developer-Toolbox-by-WangDadi\contextlock\manual\ja\CON_015.md
SUCCESS: E:\Developer-Toolbox-by-WangDadi\contextlock\manual\ja\CON_016.md
SUCCESS: E:\Developer-Toolbox-by-WangDadi\contextlock\manual\ja\CON_017.md
SUCCESS: E:\Developer-Toolbox-by-WangDadi\contextlock\manual\ja\CON_018.md
SUCCESS: E:\Developer-Toolbox-by-WangDadi\contextlock\manual\ja\CON_019.md
SUCCESS: E:\Developer-Toolbox-by-WangDadi\contextlock\manual\ja\CON_020.md
SUCCESS: E:\Developer-Toolbox-by-WangDadi\contextlock\manual\ja\CON_021.md
SUCCESS: E:\Developer-Toolbox-by-WangDadi\contextlock\manual\ja\CON_022.md
SUCCESS: E:\Developer-Toolbox-by-WangDadi\contextlock\manual\ja\CON_023.md
SUCCESS: E:\Developer-Toolbox-by-WangDadi\contextlock\manual\ja\CON_024.md
SUCCESS: E:\Developer-Toolbox-by-WangDadi\contextlock\manual\ja\CON_025.md
SUCCESS: E:\Developer-Toolbox-by-WangDadi\contextlock\manual\ja\CON_026.md
SUCCESS: E:\Developer-Toolbox-by-WangDadi\contextlock\manual\ja\CON_027.md
SUCCESS: E:\Developer-Toolbox-by-WangDadi\contextlock\manual\ja\CON_028.md
SUCCESS: E:\Developer-Toolbox-by-WangDadi\contextlock\manual\ja\CON_029.md
SUCCESS: E:\Developer-Toolbox-by-WangDadi\contextlock\manual\ja\CON_030.md
SUCCESS: E:\Developer-Toolbox-by-WangDadi\cron-guard\manual\ja\CRO_001.md
SUCCESS: E:\Developer-Toolbox-by-WangDadi\cron-guard\manual\ja\CRO_002.md
SUCCESS: E:\Developer-Toolbox-by-WangDadi\cron-guard\manual\ja\CRO_003.md
SUCCESS: E:\Developer-Toolbox-by-WangDadi\cron-guard\manual\ja\CRO_004.md
SUCCESS: E:\Developer-Toolbox-by-WangDadi\cron-guard\manual\ja\CRO_005.md
SUCCESS: E:\Developer-Toolbox-by-WangDadi\cron-guard\manual\ja\CRO_006.md
SUCCESS: E:\Developer-Toolbox-by-WangDadi\cron-guard\manual\ja\CRO_007.md
SUCCESS: E:\Developer-Toolbox-by-WangDadi\cron-guard\manual\ja\CRO_008.md
SUCCESS: E:\Developer-Toolbox-by-WangDadi\cron-guard\manual\ja\CRO_009.md
SUCCESS: E:\Developer-Toolbox-by-WangDadi\cron-guard\manual\ja\CRO_010.md
SUCCESS: E:\Developer-Toolbox-by-WangDadi\cron-guard\manual\ja\CRO_011.md
SUCCESS: E:\Developer-Toolbox-by-WangDadi\cron-guard\manual\ja\CRO_012.md
SUCCESS: E:\Developer-Toolbox-by-WangDadi\cron-guard\manual\ja\CRO_013.md
SUCCESS: E:\Developer-Toolbox-by-WangDadi\cron-guard\manual\ja\CRO_014.md
SUCCESS: E:\Developer-Toolbox-by-WangDadi\cron-guard\manual\ja\CRO_015.md
SUCCESS: E:\Developer-Toolbox-by-WangDadi\cron-guard\manual\ja\CRO_016.md
SUCCESS: E:\Developer-Toolbox-by-WangDadi\cron-guard\manual\ja\CRO_017.md
SUCCESS: E:\Developer-Toolbox-by-WangDadi\cron-guard\manual\ja\CRO_018.md
SUCCESS: E:\Developer-Toolbox-by-WangDadi\cron-guard\manual\ja\CRO_019.md
SUCCESS: E:\Developer-Toolbox-by-WangDadi\cron-guard\manual\ja\CRO_020.md
SUCCESS: E:\Developer-Toolbox-by-WangDadi\cron-guard\manual\ja\CRO_021.md
SUCCESS: E:\Developer-Toolbox-by-WangDadi\cron-guard\manual\ja\CRO_022.md
SUCCESS: E:\Developer-Toolbox-by-WangDadi\cron-guard\manual\ja\CRO_023.md
SUCCESS: E:\Developer-Toolbox-by-WangDadi\cron-guard\manual\ja\CRO_024.md
SUCCESS: E:\Developer-Toolbox-by-WangDadi\cron-guard\manual\ja\CRO_025.md
SUCCESS: E:\Developer-Toolbox-by-WangDadi\cron-guard\manual\ja\CRO_026.md
SUCCESS: E:\Developer-Toolbox-by-WangDadi\cron-guard\manual\ja\CRO_027.md
SUCCESS: E:\Developer-Toolbox-by-WangDadi\cron-guard\manual\ja\CRO_028.md
SUCCESS: E:\Developer-Toolbox-by-WangDadi\cron-guard\manual\ja\CRO_029.md
SUCCESS: E:\Developer-Toolbox-by-WangDadi\cron-guard\manual\ja\CRO_030.md
SUCCESS: E:\Developer-Toolbox-by-WangDadi\cronguard\manual\ja\CRO_001.md
SUCCESS: E:\Developer-Toolbox-by-WangDadi\cronguard\manual\ja\CRO_002.md
SUCCESS: E:\Developer-Toolbox-by-WangDadi\cronguard\manual\ja\CRO_003.md
SUCCESS: E:\Developer-Toolbox-by-WangDadi\cronguard\manual\ja\CRO_004.md
SUCCESS: E:\Developer-Toolbox-by-WangDadi\cronguard\manual\ja\CRO_005.md
SUCCESS: E:\Developer-Toolbox-by-WangDadi\cronguard\manual\ja\CRO_006.md
SUCCESS: E:\Developer-Toolbox-by-WangDadi\cronguard\manual\ja\CRO_007.md
SUCCESS: E:\Developer-Toolbox-by-WangDadi\cronguard\manual\ja\CRO_008.md
SUCCESS: E:\Developer-Toolbox-by-WangDadi\cronguard\manual\ja\CRO_009.md
SUCCESS: E:\Developer-Toolbox-by-WangDadi\cronguard\manual\ja\CRO_010.md
SUCCESS: E:\Developer-Toolbox-by-WangDadi\cronguard\manual\ja\CRO_011.md
SUCCESS: E:\Developer-Toolbox-by-WangDadi\cronguard\manual\ja\CRO_012.md
SUCCESS: E:\Developer-Toolbox-by-WangDadi\cronguard\manual\ja\CRO_013.md
SUCCESS: E:\Developer-Toolbox-by-WangDadi\cronguard\manual\ja\CRO_014.md
SUCCESS: E:\Developer-Toolbox-by-WangDadi\cronguard\manual\ja\CRO_015.md
SUCCESS: E:\Developer-Toolbox-by-WangDadi\cronguard\manual\ja\CRO_016.md
SUCCESS: E:\Developer-Toolbox-by-WangDadi\cronguard\manual\ja\CRO_017.md
SUCCESS: E:\Developer-Toolbox-by-WangDadi\cronguard\manual\ja\CRO_018.md
SUCCESS: E:\Developer-Toolbox-by-WangDadi\cronguard\manual\ja\CRO_019.md
SUCCESS: E:\Developer-Toolbox-by-WangDadi\cronguard\manual\ja\CRO_020.md
SUCCESS: E:\Developer-Toolbox-by-WangDadi\cronguard\manual\ja\CRO_021.md
SUCCESS: E:\Developer-Toolbox-by-WangDadi\cronguard\manual\ja\CRO_022.md
SUCCESS: E:\Developer-Toolbox-by-WangDadi\cronguard\manual\ja\CRO_023.md
SUCCESS: E:\Developer-Toolbox-by-WangDadi\cronguard\manual\ja\CRO_024.md
SUCCESS: E:\Developer-Toolbox-by-WangDadi\cronguard\manual\ja\CRO_025.md
SUCCESS: E:\Developer-Toolbox-by-WangDadi\cronguard\manual\ja\CRO_026.md
SUCCESS: E:\Developer-Toolbox-by-WangDadi\cronguard\manual\ja\CRO_027.md
SUCCESS: E:\Developer-Toolbox-by-WangDadi\cronguard\manual\ja\CRO_028.md
SUCCESS: E:\Developer-Toolbox-by-WangDadi\cronguard\manual\ja\CRO_029.md
SUCCESS: E:\Developer-Toolbox-by-WangDadi\cronguard\manual\ja\CRO_030.md
SUCCESS: E:\Developer-Toolbox-by-WangDadi\crosspostfast\manual\ja\CRO_001.md
SUCCESS: E:\Developer-Toolbox-by-WangDadi\crosspostfast\manual\ja\CRO_002.md
SUCCESS: E:\Developer-Toolbox-by-WangDadi\crosspostfast\manual\ja\CRO_003.md
SUCCESS: E:\Developer-Toolbox-by-WangDadi\crosspostfast\manual\ja\CRO_004.md
SUCCESS: E:\Developer-Toolbox-by-WangDadi\crosspostfast\manual\ja\CRO_005.md
SUCCESS: E:\Developer-Toolbox-by-WangDadi\crosspostfast\manual\ja\CRO_006.md
SUCCESS: E:\Developer-Toolbox-by-WangDadi\crosspostfast\manual\ja\CRO_007.md
SUCCESS: E:\Developer-Toolbox-by-WangDadi\crosspostfast\manual\ja\CRO_008.md
SUCCESS: E:\Developer-Toolbox-by-WangDadi\crosspostfast\manual\ja\CRO_009.md
SUCCESS: E:\Developer-Toolbox-by-WangDadi\crosspostfast\manual\ja\CRO_010.md
SUCCESS: E:\Developer-Toolbox-by-WangDadi\crosspostfast\manual\ja\CRO_011.md
SUCCESS: E:\Developer-Toolbox-by-WangDadi\crosspostfast\manual\ja\CRO_012.md
SUCCESS: E:\Developer-Toolbox-by-WangDadi\crosspostfast\manual\ja\CRO_013.md
SUCCESS: E:\Developer-Toolbox-by-WangDadi\crosspostfast\manual\ja\CRO_014.md
SUCCESS: E:\Developer-Toolbox-by-WangDadi\crosspostfast\manual\ja\CRO_015.md
SUCCESS: E:\Developer-Toolbox-by-WangDadi\crosspostfast\manual\ja\CRO_016.md
SUCCESS: E:\Developer-Toolbox-by-WangDadi\crosspostfast\manual\ja\CRO_017.md
SUCCESS: E:\Developer-Toolbox-by-WangDadi\crosspostfast\manual\ja\CRO_018.md
SUCCESS: E:\Developer-Toolbox-by-WangDadi\crosspostfast\manual\ja\CRO_019.md
SUCCESS: E:\Developer-Toolbox-by-WangDadi\crosspostfast\manual\ja\CRO_020.md
SUCCESS: E:\Developer-Toolbox-by-WangDadi\crosspostfast\manual\ja\CRO_021.md
SUCCESS: E:\Developer-Toolbox-by-WangDadi\crosspostfast\manual\ja\CRO_022.md
SUCCESS: E:\Developer-Toolbox-by-WangDadi\crosspostfast\manual\ja\CRO_023.md
SUCCESS: E:\Developer-Toolbox-by-WangDadi\crosspostfast\manual\ja\CRO_024.md
SUCCESS: E:\Developer-Toolbox-by-WangDadi\crosspostfast\manual\ja\CRO_025.md
SUCCESS: E:\Developer-Toolbox-by-WangDadi\crosspostfast\manual\ja\CRO_026.md
SUCCESS: E:\Developer-Toolbox-by-WangDadi\crosspostfast\manual\ja\CRO_027.md
SUCCESS: E:\Developer-Toolbox-by-WangDadi\crosspostfast\manual\ja\CRO_028.md
SUCCESS: E:\Developer-Toolbox-by-WangDadi\crosspostfast\manual\ja\CRO_029.md
SUCCESS: E:\Developer-Toolbox-by-WangDadi\crosspostfast\manual\ja\CRO_030.md
SUCCESS: E:\Developer-Toolbox-by-WangDadi\deadliner\manual\ja\DEA_001.md
SUCCESS: E:\Developer-Toolbox-by-WangDadi\deadliner\manual\ja\DEA_002.md
SUCCESS: E:\Developer-Toolbox-by-WangDadi\deadliner\manual\ja\DEA_004.md
SUCCESS: E:\Developer-Toolbox-by-WangDadi\deadliner\manual\ja\DEA_005.md
SUCCESS: E:\Developer-Toolbox-by-WangDadi\deadliner\manual\ja\DEA_006.md
SUCCESS: E:\Developer-Toolbox-by-WangDadi\deadliner\manual\ja\DEA_007.md
SUCCESS: E:\Developer-Toolbox-by-WangDadi\deadliner\manual\ja\DEA_008.md
SUCCESS: E:\Developer-Toolbox-by-WangDadi\deadliner\manual\ja\DEA_009.md
SUCCESS: E:\Developer-Toolbox-by-WangDadi\deadliner\manual\ja\DEA_010.md
SUCCESS: E:\Developer-Toolbox-by-WangDadi\deadliner\manual\ja\DEA_011.md
SUCCESS: E:\Developer-Toolbox-by-WangDadi\deadliner\manual\ja\DEA_012.md
SUCCESS: E:\Developer-Toolbox-by-WangDadi\deadliner\manual\ja\DEA_013.md
SUCCESS: E:\Developer-Toolbox-by-WangDadi\deadliner\manual\ja\DEA_014.md
SUCCESS: E:\Developer-Toolbox-by-WangDadi\deadliner\manual\ja\DEA_015.md
SUCCESS: E:\Developer-Toolbox-by-WangDadi\deadliner\manual\ja\DEA_016.md
SUCCESS: E:\Developer-Toolbox-by-WangDadi\deadliner\manual\ja\DEA_017.md
SUCCESS: E:\Developer-Toolbox-by-WangDadi\deadliner\manual\ja\DEA_018.md
SUCCESS: E:\Developer-Toolbox-by-WangDadi\deadliner\manual\ja\DEA_019.md
SUCCESS: E:\Developer-Toolbox-by-WangDadi\deadliner\manual\ja\DEA_020.md
SUCCESS: E:\Developer-Toolbox-by-WangDadi\deadliner\manual\ja\DEA_021.md
SUCCESS: E:\Developer-Toolbox-by-WangDadi\deadliner\manual\ja\DEA_022.md
SUCCESS: E:\Developer-Toolbox-by-WangDadi\deadliner\manual\ja\DEA_023.md
SUCCESS: E:\Developer-Toolbox-by-WangDadi\deadliner\manual\ja\DEA_024.md
SUCCESS: E:\Developer-Toolbox-by-WangDadi\deadliner\manual\ja\DEA_025.md
SUCCESS: E:\Developer-Toolbox-by-WangDadi\deadliner\manual\ja\DEA_026.md
SUCCESS: E:\Developer-Toolbox-by-WangDadi\deadliner\manual\ja\DEA_027.md
SUCCESS: E:\Developer-Toolbox-by-WangDadi\deadliner\manual\ja\DEA_028.md
SUCCESS: E:\Developer-Toolbox-by-WangDadi\deadliner\manual\ja\DEA_029.md
SUCCESS: E:\Developer-Toolbox-by-WangDadi\dentaiagent\manual\ja\DEN_001.md
SUCCESS: E:\Developer-Toolbox-by-WangDadi\dentaiagent\manual\ja\DEN_002.md
SUCCESS: E:\Developer-Toolbox-by-WangDadi\dentaiagent\manual\ja\DEN_004.md
SUCCESS: E:\Developer-Toolbox-by-WangDadi\dentaiagent\manual\ja\DEN_005.md
SUCCESS: E:\Developer-Toolbox-by-WangDadi\dentaiagent\manual\ja\DEN_006.md
SUCCESS: E:\Developer-Toolbox-by-WangDadi\dentaiagent\manual\ja\DEN_007.md
SUCCESS: E:\Developer-Toolbox-by-WangDadi\dentaiagent\manual\ja\DEN_008.md
SUCCESS: E:\Developer-Toolbox-by-WangDadi\dentaiagent\manual\ja\DEN_009.md
SUCCESS: E:\Developer-Toolbox-by-WangDadi\dentaiagent\manual\ja\DEN_010.md
SUCCESS: E:\Developer-Toolbox-by-WangDadi\dentaiagent\manual\ja\DEN_011.md
SUCCESS: E:\Developer-Toolbox-by-WangDadi\dentaiagent\manual\ja\DEN_012.md
SUCCESS: E:\Developer-Toolbox-by-WangDadi\dentaiagent\manual\ja\DEN_013.md
SUCCESS: E:\Developer-Toolbox-by-WangDadi\dentaiagent\manual\ja\DEN_014.md
SUCCESS: E:\Developer-Toolbox-by-WangDadi\dentaiagent\manual\ja\DEN_015.md
SUCCESS: E:\Developer-Toolbox-by-WangDadi\dentaiagent\manual\ja\DEN_016.md
SUCCESS: E:\Developer-Toolbox-by-WangDadi\dentaiagent\manual\ja\DEN_017.md
SUCCESS: E:\Developer-Toolbox-by-WangDadi\dentaiagent\manual\ja\DEN_018.md
SUCCESS: E:\Developer-Toolbox-by-WangDadi\dentaiagent\manual\ja\DEN_019.md
SUCCESS: E:\Developer-Toolbox-by-WangDadi\dentaiagent\manual\ja\DEN_020.md
SUCCESS: E:\Developer-Toolbox-by-WangDadi\dentaiagent\manual\ja\DEN_021.md
SUCCESS: E:\Developer-Toolbox-by-WangDadi\dentaiagent\manual\ja\DEN_022.md
SUCCESS: E:\Developer-Toolbox-by-WangDadi\dentaiagent\manual\ja\DEN_023.md
SUCCESS: E:\Developer-Toolbox-by-WangDadi\dentaiagent\manual\ja\DEN_024.md
SUCCESS: E:\Developer-Toolbox-by-WangDadi\dentaiagent\manual\ja\DEN_025.md
SUCCESS: E:\Developer-Toolbox-by-WangDadi\dentaiagent\manual\ja\DEN_026.md
SUCCESS: E:\Developer-Toolbox-by-WangDadi\dentaiagent\manual\ja\DEN_027.md
SUCCESS: E:\Developer-Toolbox-by-WangDadi\dentaiagent\manual\ja\DEN_028.md
SUCCESS: E:\Developer-Toolbox-by-WangDadi\dentaiagent\manual\ja\DEN_030.md
SUCCESS: E:\Developer-Toolbox-by-WangDadi\deployguard\manual\ja\DEP_001.md
SUCCESS: E:\Developer-Toolbox-by-WangDadi\deployguard\manual\ja\DEP_002.md
SUCCESS: E:\Developer-Toolbox-by-WangDadi\deployguard\manual\ja\DEP_003.md
SUCCESS: E:\Developer-Toolbox-by-WangDadi\deployguard\manual\ja\DEP_004.md
SUCCESS: E:\Developer-Toolbox-by-WangDadi\deployguard\manual\ja\DEP_005.md
SUCCESS: E:\Developer-Toolbox-by-WangDadi\deployguard\manual\ja\DEP_007.md
SUCCESS: E:\Developer-Toolbox-by-WangDadi\deployguard\manual\ja\DEP_008.md
SUCCESS: E:\Developer-Toolbox-by-WangDadi\deployguard\manual\ja\DEP_009.md
SUCCESS: E:\Developer-Toolbox-by-WangDadi\deployguard\manual\ja\DEP_011.md
SUCCESS: E:\Developer-Toolbox-by-WangDadi\deployguard\manual\ja\DEP_012.md
SUCCESS: E:\Developer-Toolbox-by-WangDadi\deployguard\manual\ja\DEP_013.md
SUCCESS: E:\Developer-Toolbox-by-WangDadi\deployguard\manual\ja\DEP_014.md
SUCCESS: E:\Developer-Toolbox-by-WangDadi\deployguard\manual\ja\DEP_015.md
SUCCESS: E:\Developer-Toolbox-by-WangDadi\deployguard\manual\ja\DEP_016.md
SUCCESS: E:\Developer-Toolbox-by-WangDadi\deployguard\manual\ja\DEP_017.md
SUCCESS: E:\Developer-Toolbox-by-WangDadi\deployguard\manual\ja\DEP_018.md
SUCCESS: E:\Developer-Toolbox-by-WangDadi\deployguard\manual\ja\DEP_019.md
SUCCESS: E:\Developer-Toolbox-by-WangDadi\deployguard\manual\ja\DEP_020.md
SUCCESS: E:\Developer-Toolbox-by-WangDadi\deployguard\manual\ja\DEP_021.md
SUCCESS: E:\Developer-Toolbox-by-WangDadi\deployguard\manual\ja\DEP_023.md
SUCCESS: E:\Developer-Toolbox-by-WangDadi\deployguard\manual\ja\DEP_024.md
SUCCESS: E:\Developer-Toolbox-by-WangDadi\deployguard\manual\ja\DEP_025.md
SUCCESS: E:\Developer-Toolbox-by-WangDadi\deployguard\manual\ja\DEP_026.md
SUCCESS: E:\Developer-Toolbox-by-WangDadi\deployguard\manual\ja\DEP_027.md
SUCCESS: E:\Developer-Toolbox-by-WangDadi\deployguard\manual\ja\DEP_028.md
SUCCESS: E:\Developer-Toolbox-by-WangDadi\deployguard\manual\ja\DEP_030.md
SUCCESS: E:\Developer-Toolbox-by-WangDadi\deshaefrost\manual\ja\DES_001.md
SUCCESS: E:\Developer-Toolbox-by-WangDadi\deshaefrost\manual\ja\DES_002.md
SUCCESS: E:\Developer-Toolbox-by-WangDadi\deshaefrost\manual\ja\DES_003.md
SUCCESS: E:\Developer-Toolbox-by-WangDadi\deshaefrost\manual\ja\DES_004.md
SUCCESS: E:\Developer-Toolbox-by-WangDadi\deshaefrost\manual\ja\DES_005.md
SUCCESS: E:\Developer-Toolbox-by-WangDadi\deshaefrost\manual\ja\DES_006.md
SUCCESS: E:\Developer-Toolbox-by-WangDadi\deshaefrost\manual\ja\DES_007.md
SUCCESS: E:\Developer-Toolbox-by-WangDadi\deshaefrost\manual\ja\DES_008.md
SUCCESS: E:\Developer-Toolbox-by-WangDadi\deshaefrost\manual\ja\DES_009.md
SUCCESS: E:\Developer-Toolbox-by-WangDadi\deshaefrost\manual\ja\DES_010.md
SUCCESS: E:\Developer-Toolbox-by-WangDadi\deshaefrost\manual\ja\DES_011.md
SUCCESS: E:\Developer-Toolbox-by-WangDadi\deshaefrost\manual\ja\DES_012.md
SUCCESS: E:\Developer-Toolbox-by-WangDadi\deshaefrost\manual\ja\DES_014.md
SUCCESS: E:\Developer-Toolbox-by-WangDadi\deshaefrost\manual\ja\DES_015.md
SUCCESS: E:\Developer-Toolbox-by-WangDadi\deshaefrost\manual\ja\DES_016.md
SUCCESS: E:\Developer-Toolbox-by-WangDadi\deshaefrost\manual\ja\DES_017.md
SUCCESS: E:\Developer-Toolbox-by-WangDadi\deshaefrost\manual\ja\DES_018.md
SUCCESS: E:\Developer-Toolbox-by-WangDadi\deshaefrost\manual\ja\DES_019.md
SUCCESS: E:\Developer-Toolbox-by-WangDadi\deshaefrost\manual\ja\DES_020.md
SUCCESS: E:\Developer-Toolbox-by-WangDadi\deshaefrost\manual\ja\DES_021.md
SUCCESS: E:\Developer-Toolbox-by-WangDadi\deshaefrost\manual\ja\DES_022.md
SUCCESS: E:\Developer-Toolbox-by-WangDadi\deshaefrost\manual\ja\DES_023.md
SUCCESS: E:\Developer-Toolbox-by-WangDadi\deshaefrost\manual\ja\DES_024.md
SUCCESS: E:\Developer-Toolbox-by-WangDadi\deshaefrost\manual\ja\DES_025.md
SUCCESS: E:\Developer-Toolbox-by-WangDadi\deshaefrost\manual\ja\DES_026.md
SUCCESS: E:\Developer-Toolbox-by-WangDadi\deshaefrost\manual\ja\DES_027.md
SUCCESS: E:\Developer-Toolbox-by-WangDadi\deshaefrost\manual\ja\DES_029.md
SUCCESS: E:\Developer-Toolbox-by-WangDadi\deshaefrost\manual\ja\DES_030.md
SUCCESS: E:\Developer-Toolbox-by-WangDadi\dossierpro\manual\ja\DOS_001.md
SUCCESS: E:\Developer-Toolbox-by-WangDadi\fanguard\manual\ja\FAN_001.md
SUCCESS: E:\Developer-Toolbox-by-WangDadi\fanguard\manual\ja\FAN_002.md
SUCCESS: E:\Developer-Toolbox-by-WangDadi\fanguard\manual\ja\FAN_003.md
SUCCESS: E:\Developer-Toolbox-by-WangDadi\fanguard\manual\ja\FAN_004.md
SUCCESS: E:\Developer-Toolbox-by-WangDadi\fanguard\manual\ja\FAN_005.md
SUCCESS: E:\Developer-Toolbox-by-WangDadi\fanguard\manual\ja\FAN_006.md
SUCCESS: E:\Developer-Toolbox-by-WangDadi\fanguard\manual\ja\FAN_007.md
SUCCESS: E:\Developer-Toolbox-by-WangDadi\fanguard\manual\ja\FAN_008.md
SUCCESS: E:\Developer-Toolbox-by-WangDadi\fanguard\manual\ja\FAN_009.md
SUCCESS: E:\Developer-Toolbox-by-WangDadi\fanguard\manual\ja\FAN_010.md
SUCCESS: E:\Developer-Toolbox-by-WangDadi\fanguard\manual\ja\FAN_011.md
SUCCESS: E:\Developer-Toolbox-by-WangDadi\fanguard\manual\ja\FAN_012.md
SUCCESS: E:\Developer-Toolbox-by-WangDadi\fanguard\manual\ja\FAN_013.md
SUCCESS: E:\Developer-Toolbox-by-WangDadi\fanguard\manual\ja\FAN_014.md
SUCCESS: E:\Developer-Toolbox-by-WangDadi\fanguard\manual\ja\FAN_015.md
SUCCESS: E:\Developer-Toolbox-by-WangDadi\fanguard\manual\ja\FAN_016.md
SUCCESS: E:\Developer-Toolbox-by-WangDadi\fanguard\manual\ja\FAN_017.md
SUCCESS: E:\Developer-Toolbox-by-WangDadi\fanguard\manual\ja\FAN_018.md
SUCCESS: E:\Developer-Toolbox-by-WangDadi\fanguard\manual\ja\FAN_019.md
SUCCESS: E:\Developer-Toolbox-by-WangDadi\fanguard\manual\ja\FAN_020.md
SUCCESS: E:\Developer-Toolbox-by-WangDadi\fanguard\manual\ja\FAN_021.md
SUCCESS: E:\Developer-Toolbox-by-WangDadi\fanguard\manual\ja\FAN_022.md
SUCCESS: E:\Developer-Toolbox-by-WangDadi\fanguard\manual\ja\FAN_023.md
SUCCESS: E:\Developer-Toolbox-by-WangDadi\fanguard\manual\ja\FAN_024.md
SUCCESS: E:\Developer-Toolbox-by-WangDadi\fanguard\manual\ja\FAN_025.md
SUCCESS: E:\Developer-Toolbox-by-WangDadi\fanguard\manual\ja\FAN_026.md
SUCCESS: E:\Developer-Toolbox-by-WangDadi\fanguard\manual\ja\FAN_027.md
SUCCESS: E:\Developer-Toolbox-by-WangDadi\fanguard\manual\ja\FAN_028.md
SUCCESS: E:\Developer-Toolbox-by-WangDadi\fanguard\manual\ja\FAN_029.md
SUCCESS: E:\Developer-Toolbox-by-WangDadi\fanguard\manual\ja\FAN_030.md
SUCCESS: E:\Developer-Toolbox-by-WangDadi\focusinbox\manual\ja\FOC_001.md
SUCCESS: E:\Developer-Toolbox-by-WangDadi\focusinbox\manual\ja\FOC_002.md
SUCCESS: E:\Developer-Toolbox-by-WangDadi\focusinbox\manual\ja\FOC_003.md
SUCCESS: E:\Developer-Toolbox-by-WangDadi\focusinbox\manual\ja\FOC_004.md
SUCCESS: E:\Developer-Toolbox-by-WangDadi\focusinbox\manual\ja\FOC_005.md
SUCCESS: E:\Developer-Toolbox-by-WangDadi\focusinbox\manual\ja\FOC_006.md
SUCCESS: E:\Developer-Toolbox-by-WangDadi\focusinbox\manual\ja\FOC_007.md
SUCCESS: E:\Developer-Toolbox-by-WangDadi\focusinbox\manual\ja\FOC_008.md
SUCCESS: E:\Developer-Toolbox-by-WangDadi\focusinbox\manual\ja\FOC_009.md
SUCCESS: E:\Developer-Toolbox-by-WangDadi\focusinbox\manual\ja\FOC_010.md
SUCCESS: E:\Developer-Toolbox-by-WangDadi\focusinbox\manual\ja\FOC_011.md
SUCCESS: E:\Developer-Toolbox-by-WangDadi\focusinbox\manual\ja\FOC_012.md
SUCCESS: E:\Developer-Toolbox-by-WangDadi\focusinbox\manual\ja\FOC_013.md
SUCCESS: E:\Developer-Toolbox-by-WangDadi\focusinbox\manual\ja\FOC_014.md
SUCCESS: E:\Developer-Toolbox-by-WangDadi\focusinbox\manual\ja\FOC_015.md
SUCCESS: E:\Developer-Toolbox-by-WangDadi\focusinbox\manual\ja\FOC_016.md
SUCCESS: E:\Developer-Toolbox-by-WangDadi\focusinbox\manual\ja\FOC_017.md
SUCCESS: E:\Developer-Toolbox-by-WangDadi\focusinbox\manual\ja\FOC_018.md
SUCCESS: E:\Developer-Toolbox-by-WangDadi\focusinbox\manual\ja\FOC_019.md
SUCCESS: E:\Developer-Toolbox-by-WangDadi\focusinbox\manual\ja\FOC_020.md
SUCCESS: E:\Developer-Toolbox-by-WangDadi\focusinbox\manual\ja\FOC_021.md
SUCCESS: E:\Developer-Toolbox-by-WangDadi\focusinbox\manual\ja\FOC_022.md
SUCCESS: E:\Developer-Toolbox-by-WangDadi\focusinbox\manual\ja\FOC_023.md
